#
# There is insufficient memory for the Java Runtime Environment to continue.
# Native memory allocation (malloc) failed to allocate 32744 bytes for ChunkPool::allocate
# Possible reasons:
#   The system is out of physical RAM or swap space
#   The process is running with CompressedOops enabled, and the Java Heap may be blocking the growth of the native heap
# Possible solutions:
#   Reduce memory load on the system
#   Increase physical memory or swap space
#   Check if swap backing store is full
#   Decrease Java heap size (-Xmx/-Xms)
#   Decrease number of Java threads
#   Decrease Java thread stack sizes (-Xss)
#   Set larger code cache with -XX:ReservedCodeCacheSize=
#   JVM is running with Unscaled Compressed Oops mode in which the Java heap is
#     placed in the first 4GB address space. The Java Heap base address is the
#     maximum limit for the native heap growth. Please use -XX:HeapBaseMinAddress
#     to set the Java Heap base and to place the Java Heap above 4GB virtual address.
# This output file may be truncated or incomplete.
#
#  Out of Memory Error (arena.cpp:78), pid=41776, tid=46964
#
# JRE version: Java(TM) SE Runtime Environment (17.0.6+9) (build 17.0.6+9-LTS-190)
# Java VM: Java HotSpot(TM) 64-Bit Server VM (17.0.6+9-LTS-190, mixed mode, sharing, tiered, compressed oops, compressed class ptrs, g1 gc, windows-amd64)
# No core dump will be written. Minidumps are not enabled by default on client versions of Windows
#

---------------  S U M M A R Y ------------

Command Line: -Xmx64m -Xms64m -Dorg.gradle.appname=gradlew org.gradle.wrapper.GradleWrapperMain bootRun

Host: AMD Ryzen 3 5425U with Radeon Graphics         , 8 cores, 6G,  Windows 11 , 64 bit Build 22000 (10.0.22000.2538)
Time: Fri Jan 19 14:51:58 2024 Paris, Madrid elapsed time: 45.414398 seconds (0d 0h 0m 45s)

---------------  T H R E A D  ---------------

Current thread (0x0000019c23c9ba80):  JavaThread "C1 CompilerThread0" daemon [_thread_in_native, id=46964, stack(0x0000003d47600000,0x0000003d47700000)]


Current CompileTask:
C1:  45414 1873       3       org.gradle.internal.logging.sink.OutputEventTransformer::onOutput (369 bytes)

Stack: [0x0000003d47600000,0x0000003d47700000]
Native frames: (J=compiled Java code, j=interpreted, Vv=VM code, C=native code)
V  [jvm.dll+0x6734ea]
V  [jvm.dll+0x7d18f4]
V  [jvm.dll+0x7d309e]
V  [jvm.dll+0x7d3703]
V  [jvm.dll+0x2433c5]
V  [jvm.dll+0xaa6c0]
V  [jvm.dll+0xaaa0c]
V  [jvm.dll+0x11a915]
V  [jvm.dll+0x17777b]
V  [jvm.dll+0x177d53]
V  [jvm.dll+0x132d23]
V  [jvm.dll+0x13262f]
V  [jvm.dll+0x132868]
V  [jvm.dll+0x131d01]
V  [jvm.dll+0x1339ad]
V  [jvm.dll+0x224b6e]
V  [jvm.dll+0x222f15]
V  [jvm.dll+0x78753c]
V  [jvm.dll+0x781a7a]
V  [jvm.dll+0x672375]
C  [ucrtbase.dll+0x26c0c]
C  [KERNEL32.DLL+0x153e0]
C  [ntdll.dll+0x485b]


---------------  P R O C E S S  ---------------

Threads class SMR info:
_java_thread_list=0x0000019c258192d0, length=15, elements={
0x0000019c0a5403c0, 0x0000019c23c76c60, 0x0000019c23c777e0, 0x0000019c23c8b780,
0x0000019c23c8c130, 0x0000019c23c8cae0, 0x0000019c23c8e4a0, 0x0000019c23c9afe0,
0x0000019c23c9ba80, 0x0000019c23c9ec60, 0x0000019c2483d120, 0x0000019c24849ec0,
0x0000019c253fe0d0, 0x0000019c25749b40, 0x0000019c2543a350
}

Java Threads: ( => current thread )
  0x0000019c0a5403c0 JavaThread "main" [_thread_in_native, id=34916, stack(0x0000003d46800000,0x0000003d46900000)]
  0x0000019c23c76c60 JavaThread "Reference Handler" daemon [_thread_blocked, id=52620, stack(0x0000003d46f00000,0x0000003d47000000)]
  0x0000019c23c777e0 JavaThread "Finalizer" daemon [_thread_blocked, id=44828, stack(0x0000003d47000000,0x0000003d47100000)]
  0x0000019c23c8b780 JavaThread "Signal Dispatcher" daemon [_thread_blocked, id=62712, stack(0x0000003d47100000,0x0000003d47200000)]
  0x0000019c23c8c130 JavaThread "Attach Listener" daemon [_thread_blocked, id=62772, stack(0x0000003d47200000,0x0000003d47300000)]
  0x0000019c23c8cae0 JavaThread "Service Thread" daemon [_thread_blocked, id=62872, stack(0x0000003d47300000,0x0000003d47400000)]
  0x0000019c23c8e4a0 JavaThread "Monitor Deflation Thread" daemon [_thread_blocked, id=60824, stack(0x0000003d47400000,0x0000003d47500000)]
  0x0000019c23c9afe0 JavaThread "C2 CompilerThread0" daemon [_thread_blocked, id=64052, stack(0x0000003d47500000,0x0000003d47600000)]
=>0x0000019c23c9ba80 JavaThread "C1 CompilerThread0" daemon [_thread_in_native, id=46964, stack(0x0000003d47600000,0x0000003d47700000)]
  0x0000019c23c9ec60 JavaThread "Sweeper thread" daemon [_thread_blocked, id=64380, stack(0x0000003d47700000,0x0000003d47800000)]
  0x0000019c2483d120 JavaThread "Notification Thread" daemon [_thread_blocked, id=63824, stack(0x0000003d47800000,0x0000003d47900000)]
  0x0000019c24849ec0 JavaThread "Common-Cleaner" daemon [_thread_blocked, id=61304, stack(0x0000003d47a00000,0x0000003d47b00000)]
  0x0000019c253fe0d0 JavaThread "pool-1-thread-1" [_thread_blocked, id=60472, stack(0x0000003d47f00000,0x0000003d48000000)]
  0x0000019c25749b40 JavaThread "DisconnectableInputStream source reader" daemon [_thread_in_native, id=61372, stack(0x0000003d48400000,0x0000003d48500000)]
  0x0000019c2543a350 JavaThread "Forward input" [_thread_blocked, id=31712, stack(0x0000003d48500000,0x0000003d48600000)]

Other Threads:
  0x0000019c0a61eb40 VMThread "VM Thread" [stack: 0x0000003d46e00000,0x0000003d46f00000] [id=60028]
  0x0000019c24849c30 WatcherThread [stack: 0x0000003d47900000,0x0000003d47a00000] [id=62816]
  0x0000019c0a5618a0 GCTaskThread "GC Thread#0" [stack: 0x0000003d46900000,0x0000003d46a00000] [id=60696]
  0x0000019c2570c460 GCTaskThread "GC Thread#1" [stack: 0x0000003d47b00000,0x0000003d47c00000] [id=57700]
  0x0000019c24b06030 GCTaskThread "GC Thread#2" [stack: 0x0000003d47c00000,0x0000003d47d00000] [id=62440]
  0x0000019c2545fb40 GCTaskThread "GC Thread#3" [stack: 0x0000003d47d00000,0x0000003d47e00000] [id=60680]
  0x0000019c25212940 GCTaskThread "GC Thread#4" [stack: 0x0000003d47e00000,0x0000003d47f00000] [id=50828]
  0x0000019c248a9660 GCTaskThread "GC Thread#5" [stack: 0x0000003d48100000,0x0000003d48200000] [id=35960]
  0x0000019c23cf11a0 GCTaskThread "GC Thread#6" [stack: 0x0000003d48200000,0x0000003d48300000] [id=58372]
  0x0000019c2516b4c0 GCTaskThread "GC Thread#7" [stack: 0x0000003d48300000,0x0000003d48400000] [id=23444]
  0x0000019c0a562ee0 ConcurrentGCThread "G1 Main Marker" [stack: 0x0000003d46a00000,0x0000003d46b00000] [id=62204]
  0x0000019c0a5637f0 ConcurrentGCThread "G1 Conc#0" [stack: 0x0000003d46b00000,0x0000003d46c00000] [id=59388]
  0x0000019c0a5c6eb0 ConcurrentGCThread "G1 Refine#0" [stack: 0x0000003d46c00000,0x0000003d46d00000] [id=63168]
  0x0000019c0a5c77d0 ConcurrentGCThread "G1 Service" [stack: 0x0000003d46d00000,0x0000003d46e00000] [id=62832]

Threads with active compile tasks:
C1 CompilerThread0    45526 1873       3       org.gradle.internal.logging.sink.OutputEventTransformer::onOutput (369 bytes)

VM state: not at safepoint (normal execution)

VM Mutex/Monitor currently owned by a thread: None

Heap address: 0x00000000fc000000, size: 64 MB, Compressed Oops mode: 32-bit

CDS archive(s) mapped at: [0x0000000800000000-0x0000000800bd0000-0x0000000800bd0000), size 12386304, SharedBaseAddress: 0x0000000800000000, ArchiveRelocationMode: 0.
Compressed class space mapped at: 0x0000000800c00000-0x0000000840c00000, reserved size: 1073741824
Narrow klass base: 0x0000000800000000, Narrow klass shift: 0, Narrow klass range: 0x100000000

GC Precious Log:
 CPUs: 8 total, 8 available
 Memory: 6990M
 Large Page Support: Disabled
 NUMA Support: Disabled
 Compressed Oops: Enabled (32-bit)
 Heap Region Size: 1M
 Heap Min Capacity: 64M
 Heap Initial Capacity: 64M
 Heap Max Capacity: 64M
 Pre-touch: Disabled
 Parallel Workers: 8
 Concurrent Workers: 2
 Concurrent Refinement Workers: 8
 Periodic GC: Disabled

Heap:
 garbage-first heap   total 65536K, used 15880K [0x00000000fc000000, 0x0000000100000000)
  region size 1024K, 7 young (7168K), 3 survivors (3072K)
 Metaspace       used 9986K, committed 10176K, reserved 1064960K
  class space    used 1283K, committed 1344K, reserved 1048576K

Heap Regions: E=young(eden), S=young(survivor), O=old, HS=humongous(starts), HC=humongous(continues), CS=collection set, F=free, OA=open archive, CA=closed archive, TAMS=top-at-mark-start (previous, next)
|   0|0x00000000fc000000, 0x00000000fc100000, 0x00000000fc100000|100%|HS|  |TAMS 0x00000000fc000000, 0x00000000fc000000| Complete 
|   1|0x00000000fc100000, 0x00000000fc200000, 0x00000000fc200000|100%|HC|  |TAMS 0x00000000fc100000, 0x00000000fc100000| Complete 
|   2|0x00000000fc200000, 0x00000000fc300000, 0x00000000fc300000|100%|HC|  |TAMS 0x00000000fc200000, 0x00000000fc200000| Complete 
|   3|0x00000000fc300000, 0x00000000fc400000, 0x00000000fc400000|100%|HC|  |TAMS 0x00000000fc300000, 0x00000000fc300000| Complete 
|   4|0x00000000fc400000, 0x00000000fc500000, 0x00000000fc500000|100%| O|  |TAMS 0x00000000fc400000, 0x00000000fc400000| Untracked 
|   5|0x00000000fc500000, 0x00000000fc600000, 0x00000000fc600000|100%| O|  |TAMS 0x00000000fc500000, 0x00000000fc500000| Untracked 
|   6|0x00000000fc600000, 0x00000000fc700000, 0x00000000fc700000|100%| O|  |TAMS 0x00000000fc600000, 0x00000000fc600000| Untracked 
|   7|0x00000000fc700000, 0x00000000fc800000, 0x00000000fc800000|100%| O|  |TAMS 0x00000000fc700000, 0x00000000fc700000| Untracked 
|   8|0x00000000fc800000, 0x00000000fc900000, 0x00000000fc900000|100%| O|  |TAMS 0x00000000fc800000, 0x00000000fc800000| Untracked 
|   9|0x00000000fc900000, 0x00000000fca00000, 0x00000000fca00000|100%| O|  |TAMS 0x00000000fc900000, 0x00000000fc900000| Untracked 
|  10|0x00000000fca00000, 0x00000000fca34a00, 0x00000000fcb00000| 20%| O|  |TAMS 0x00000000fca00000, 0x00000000fca00000| Untracked 
|  11|0x00000000fcb00000, 0x00000000fcb00000, 0x00000000fcc00000|  0%| F|  |TAMS 0x00000000fcb00000, 0x00000000fcb00000| Untracked 
|  12|0x00000000fcc00000, 0x00000000fcc00000, 0x00000000fcd00000|  0%| F|  |TAMS 0x00000000fcc00000, 0x00000000fcc00000| Untracked 
|  13|0x00000000fcd00000, 0x00000000fcd00000, 0x00000000fce00000|  0%| F|  |TAMS 0x00000000fcd00000, 0x00000000fcd00000| Untracked 
|  14|0x00000000fce00000, 0x00000000fce00000, 0x00000000fcf00000|  0%| F|  |TAMS 0x00000000fce00000, 0x00000000fce00000| Untracked 
|  15|0x00000000fcf00000, 0x00000000fcf00000, 0x00000000fd000000|  0%| F|  |TAMS 0x00000000fcf00000, 0x00000000fcf00000| Untracked 
|  16|0x00000000fd000000, 0x00000000fd000000, 0x00000000fd100000|  0%| F|  |TAMS 0x00000000fd000000, 0x00000000fd000000| Untracked 
|  17|0x00000000fd100000, 0x00000000fd100000, 0x00000000fd200000|  0%| F|  |TAMS 0x00000000fd100000, 0x00000000fd100000| Untracked 
|  18|0x00000000fd200000, 0x00000000fd200000, 0x00000000fd300000|  0%| F|  |TAMS 0x00000000fd200000, 0x00000000fd200000| Untracked 
|  19|0x00000000fd300000, 0x00000000fd300000, 0x00000000fd400000|  0%| F|  |TAMS 0x00000000fd300000, 0x00000000fd300000| Untracked 
|  20|0x00000000fd400000, 0x00000000fd400000, 0x00000000fd500000|  0%| F|  |TAMS 0x00000000fd400000, 0x00000000fd400000| Untracked 
|  21|0x00000000fd500000, 0x00000000fd500000, 0x00000000fd600000|  0%| F|  |TAMS 0x00000000fd500000, 0x00000000fd500000| Untracked 
|  22|0x00000000fd600000, 0x00000000fd600000, 0x00000000fd700000|  0%| F|  |TAMS 0x00000000fd600000, 0x00000000fd600000| Untracked 
|  23|0x00000000fd700000, 0x00000000fd700000, 0x00000000fd800000|  0%| F|  |TAMS 0x00000000fd700000, 0x00000000fd700000| Untracked 
|  24|0x00000000fd800000, 0x00000000fd800000, 0x00000000fd900000|  0%| F|  |TAMS 0x00000000fd800000, 0x00000000fd800000| Untracked 
|  25|0x00000000fd900000, 0x00000000fd900000, 0x00000000fda00000|  0%| F|  |TAMS 0x00000000fd900000, 0x00000000fd900000| Untracked 
|  26|0x00000000fda00000, 0x00000000fda00000, 0x00000000fdb00000|  0%| F|  |TAMS 0x00000000fda00000, 0x00000000fda00000| Untracked 
|  27|0x00000000fdb00000, 0x00000000fdb00000, 0x00000000fdc00000|  0%| F|  |TAMS 0x00000000fdb00000, 0x00000000fdb00000| Untracked 
|  28|0x00000000fdc00000, 0x00000000fdc00000, 0x00000000fdd00000|  0%| F|  |TAMS 0x00000000fdc00000, 0x00000000fdc00000| Untracked 
|  29|0x00000000fdd00000, 0x00000000fdd00000, 0x00000000fde00000|  0%| F|  |TAMS 0x00000000fdd00000, 0x00000000fdd00000| Untracked 
|  30|0x00000000fde00000, 0x00000000fde00000, 0x00000000fdf00000|  0%| F|  |TAMS 0x00000000fde00000, 0x00000000fde00000| Untracked 
|  31|0x00000000fdf00000, 0x00000000fdf00000, 0x00000000fe000000|  0%| F|  |TAMS 0x00000000fdf00000, 0x00000000fdf00000| Untracked 
|  32|0x00000000fe000000, 0x00000000fe000000, 0x00000000fe100000|  0%| F|  |TAMS 0x00000000fe000000, 0x00000000fe000000| Untracked 
|  33|0x00000000fe100000, 0x00000000fe100000, 0x00000000fe200000|  0%| F|  |TAMS 0x00000000fe100000, 0x00000000fe100000| Untracked 
|  34|0x00000000fe200000, 0x00000000fe200000, 0x00000000fe300000|  0%| F|  |TAMS 0x00000000fe200000, 0x00000000fe200000| Untracked 
|  35|0x00000000fe300000, 0x00000000fe300000, 0x00000000fe400000|  0%| F|  |TAMS 0x00000000fe300000, 0x00000000fe300000| Untracked 
|  36|0x00000000fe400000, 0x00000000fe44d980, 0x00000000fe500000| 30%| S|CS|TAMS 0x00000000fe400000, 0x00000000fe400000| Complete 
|  37|0x00000000fe500000, 0x00000000fe600000, 0x00000000fe600000|100%| S|CS|TAMS 0x00000000fe500000, 0x00000000fe500000| Complete 
|  38|0x00000000fe600000, 0x00000000fe600000, 0x00000000fe700000|  0%| F|  |TAMS 0x00000000fe600000, 0x00000000fe600000| Untracked 
|  39|0x00000000fe700000, 0x00000000fe700000, 0x00000000fe800000|  0%| F|  |TAMS 0x00000000fe700000, 0x00000000fe700000| Untracked 
|  40|0x00000000fe800000, 0x00000000fe800000, 0x00000000fe900000|  0%| F|  |TAMS 0x00000000fe800000, 0x00000000fe800000| Untracked 
|  41|0x00000000fe900000, 0x00000000fea00000, 0x00000000fea00000|100%| S|CS|TAMS 0x00000000fe900000, 0x00000000fe900000| Complete 
|  42|0x00000000fea00000, 0x00000000fea00000, 0x00000000feb00000|  0%| F|  |TAMS 0x00000000fea00000, 0x00000000fea00000| Untracked 
|  43|0x00000000feb00000, 0x00000000feb00000, 0x00000000fec00000|  0%| F|  |TAMS 0x00000000feb00000, 0x00000000feb00000| Untracked 
|  44|0x00000000fec00000, 0x00000000fec00000, 0x00000000fed00000|  0%| F|  |TAMS 0x00000000fec00000, 0x00000000fec00000| Untracked 
|  45|0x00000000fed00000, 0x00000000fed00000, 0x00000000fee00000|  0%| F|  |TAMS 0x00000000fed00000, 0x00000000fed00000| Untracked 
|  46|0x00000000fee00000, 0x00000000fee00000, 0x00000000fef00000|  0%| F|  |TAMS 0x00000000fee00000, 0x00000000fee00000| Untracked 
|  47|0x00000000fef00000, 0x00000000fef00000, 0x00000000ff000000|  0%| F|  |TAMS 0x00000000fef00000, 0x00000000fef00000| Untracked 
|  48|0x00000000ff000000, 0x00000000ff000000, 0x00000000ff100000|  0%| F|  |TAMS 0x00000000ff000000, 0x00000000ff000000| Untracked 
|  49|0x00000000ff100000, 0x00000000ff100000, 0x00000000ff200000|  0%| F|  |TAMS 0x00000000ff100000, 0x00000000ff100000| Untracked 
|  50|0x00000000ff200000, 0x00000000ff200000, 0x00000000ff300000|  0%| F|  |TAMS 0x00000000ff200000, 0x00000000ff200000| Untracked 
|  51|0x00000000ff300000, 0x00000000ff300000, 0x00000000ff400000|  0%| F|  |TAMS 0x00000000ff300000, 0x00000000ff300000| Untracked 
|  52|0x00000000ff400000, 0x00000000ff400000, 0x00000000ff500000|  0%| F|  |TAMS 0x00000000ff400000, 0x00000000ff400000| Untracked 
|  53|0x00000000ff500000, 0x00000000ff500000, 0x00000000ff600000|  0%| F|  |TAMS 0x00000000ff500000, 0x00000000ff500000| Untracked 
|  54|0x00000000ff600000, 0x00000000ff600000, 0x00000000ff700000|  0%| F|  |TAMS 0x00000000ff600000, 0x00000000ff600000| Untracked 
|  55|0x00000000ff700000, 0x00000000ff700000, 0x00000000ff800000|  0%| F|  |TAMS 0x00000000ff700000, 0x00000000ff700000| Untracked 
|  56|0x00000000ff800000, 0x00000000ff800000, 0x00000000ff900000|  0%| F|  |TAMS 0x00000000ff800000, 0x00000000ff800000| Untracked 
|  57|0x00000000ff900000, 0x00000000ff900000, 0x00000000ffa00000|  0%| F|  |TAMS 0x00000000ff900000, 0x00000000ff900000| Untracked 
|  58|0x00000000ffa00000, 0x00000000ffa00000, 0x00000000ffb00000|  0%| F|  |TAMS 0x00000000ffa00000, 0x00000000ffa00000| Untracked 
|  59|0x00000000ffb00000, 0x00000000ffb00000, 0x00000000ffc00000|  0%| F|  |TAMS 0x00000000ffb00000, 0x00000000ffb00000| Untracked 
|  60|0x00000000ffc00000, 0x00000000ffc1fce8, 0x00000000ffd00000| 12%| E|  |TAMS 0x00000000ffc00000, 0x00000000ffc00000| Complete 
|  61|0x00000000ffd00000, 0x00000000ffe00000, 0x00000000ffe00000|100%| E|CS|TAMS 0x00000000ffd00000, 0x00000000ffd00000| Complete 
|  62|0x00000000ffe00000, 0x00000000fff00000, 0x00000000fff00000|100%| E|CS|TAMS 0x00000000ffe00000, 0x00000000ffe00000| Complete 
|  63|0x00000000fff00000, 0x0000000100000000, 0x0000000100000000|100%| E|CS|TAMS 0x00000000fff00000, 0x00000000fff00000| Complete 

Card table byte_map: [0x0000019c08520000,0x0000019c08540000] _byte_map_base: 0x0000019c07d40000

Marking Bits (Prev, Next): (CMBitMap*) 0x0000019c0a561db0, (CMBitMap*) 0x0000019c0a561df0
 Prev Bits: [0x0000019c21100000, 0x0000019c21200000)
 Next Bits: [0x0000019c21200000, 0x0000019c21300000)

Polling page: 0x0000019c084d0000

Metaspace:

Usage:
  Non-class:      8.50 MB used.
      Class:      1.25 MB used.
       Both:      9.75 MB used.

Virtual space:
  Non-class space:       16.00 MB reserved,       8.62 MB ( 54%) committed,  2 nodes.
      Class space:        1.00 GB reserved,       1.31 MB ( <1%) committed,  1 nodes.
             Both:        1.02 GB reserved,       9.94 MB ( <1%) committed. 

Chunk freelists:
   Non-Class:  2.50 MB
       Class:  2.57 MB
        Both:  5.07 MB

MaxMetaspaceSize: unlimited
CompressedClassSpaceSize: 1.00 GB
Initial GC threshold: 21.00 MB
Current GC threshold: 21.00 MB
CDS: on
MetaspaceReclaimPolicy: balanced
 - commit_granule_bytes: 65536.
 - commit_granule_words: 8192.
 - virtual_space_node_default_size: 1048576.
 - enlarge_chunks_in_place: 1.
 - new_chunks_are_fully_committed: 0.
 - uncommit_free_chunks: 1.
 - use_allocation_guard: 0.
 - handle_deallocations: 1.


Internal statistics:

num_allocs_failed_limit: 0.
num_arena_births: 88.
num_arena_deaths: 0.
num_vsnodes_births: 3.
num_vsnodes_deaths: 0.
num_space_committed: 159.
num_space_uncommitted: 0.
num_chunks_returned_to_freelist: 0.
num_chunks_taken_from_freelist: 344.
num_chunk_merges: 0.
num_chunk_splits: 241.
num_chunks_enlarged: 195.
num_purges: 0.
num_inconsistent_stats: 0.

CodeHeap 'non-profiled nmethods': size=120000Kb used=683Kb max_used=683Kb free=119317Kb
 bounds [0x0000019c198a0000, 0x0000019c19b10000, 0x0000019c20dd0000]
CodeHeap 'profiled nmethods': size=120000Kb used=3710Kb max_used=3710Kb free=116289Kb
 bounds [0x0000019c11dd0000, 0x0000019c12170000, 0x0000019c19300000]
CodeHeap 'non-nmethods': size=5760Kb used=1185Kb max_used=1208Kb free=4574Kb
 bounds [0x0000019c19300000, 0x0000019c19570000, 0x0000019c198a0000]
 total_blobs=2358 nmethods=1872 adapters=399
 compilation: enabled
              stopped_count=0, restarted_count=0
 full_count=0

Compilation events (20 events):
Event: 44.213 Thread 0x0000019c23c9ba80 nmethod 1863 0x0000019c1216a110 code [0x0000019c1216a2c0, 0x0000019c1216a508]
Event: 44.213 Thread 0x0000019c23c9ba80 1864       3       org.gradle.internal.logging.text.AbstractLineChoppingStyledTextOutput$1::execute (140 bytes)
Event: 44.215 Thread 0x0000019c23c9ba80 nmethod 1864 0x0000019c1216a610 code [0x0000019c1216a940, 0x0000019c1216ba18]
Event: 44.215 Thread 0x0000019c23c9ba80 1865       3       org.gradle.internal.logging.text.AbstractLineChoppingStyledTextOutput::access$900 (4 bytes)
Event: 44.215 Thread 0x0000019c23c9ba80 nmethod 1865 0x0000019c1216c110 code [0x0000019c1216c2a0, 0x0000019c1216c398]
Event: 44.215 Thread 0x0000019c23c9ba80 1866       3       org.gradle.internal.logging.text.AbstractLineChoppingStyledTextOutput$StateContext::next (11 bytes)
Event: 44.215 Thread 0x0000019c23c9ba80 nmethod 1866 0x0000019c1216c410 code [0x0000019c1216c5a0, 0x0000019c1216c6b8]
Event: 44.215 Thread 0x0000019c23c9ba80 1867       3       org.gradle.internal.logging.text.AbstractLineChoppingStyledTextOutput$SeenFromEol::all (18 bytes)
Event: 44.215 Thread 0x0000019c23c9ba80 nmethod 1867 0x0000019c1216c790 code [0x0000019c1216c920, 0x0000019c1216ca98]
Event: 44.215 Thread 0x0000019c23c9ba80 1868       3       org.gradle.internal.logging.text.AbstractLineChoppingStyledTextOutput$SeenFromEol::none (13 bytes)
Event: 44.216 Thread 0x0000019c23c9ba80 nmethod 1868 0x0000019c1216cb90 code [0x0000019c1216cd20, 0x0000019c1216ce98]
Event: 44.216 Thread 0x0000019c23c9ba80 1869       3       org.gradle.internal.logging.text.AbstractLineChoppingStyledTextOutput::access$800 (4 bytes)
Event: 44.216 Thread 0x0000019c23c9ba80 nmethod 1869 0x0000019c1216cf10 code [0x0000019c1216d0a0, 0x0000019c1216d198]
Event: 44.216 Thread 0x0000019c23c9ba80 1870       3       org.gradle.internal.logging.text.AbstractLineChoppingStyledTextOutput$2::execute (9 bytes)
Event: 44.216 Thread 0x0000019c23c9ba80 nmethod 1870 0x0000019c1216d210 code [0x0000019c1216d3c0, 0x0000019c1216d5e8]
Event: 44.216 Thread 0x0000019c23c9ba80 1871       3       org.gradle.internal.logging.text.AbstractLineChoppingStyledTextOutput$2::execute (77 bytes)
Event: 44.217 Thread 0x0000019c23c9ba80 nmethod 1871 0x0000019c1216d690 code [0x0000019c1216d920, 0x0000019c1216e408]
Event: 44.217 Thread 0x0000019c23c9ba80 1872       3       java.nio.Buffer::<init> (105 bytes)
Event: 44.218 Thread 0x0000019c23c9ba80 nmethod 1872 0x0000019c1216e890 code [0x0000019c1216eb40, 0x0000019c1216f6b8]
Event: 45.358 Thread 0x0000019c23c9ba80 1873       3       org.gradle.internal.logging.sink.OutputEventTransformer::onOutput (369 bytes)

GC Heap History (4 events):
Event: 1.457 GC heap before
{Heap before GC invocations=0 (full 0):
 garbage-first heap   total 65536K, used 26624K [0x00000000fc000000, 0x0000000100000000)
  region size 1024K, 23 young (23552K), 0 survivors (0K)
 Metaspace       used 3731K, committed 3904K, reserved 1056768K
  class space    used 464K, committed 512K, reserved 1048576K
}
Event: 1.471 GC heap after
{Heap after GC invocations=1 (full 0):
 garbage-first heap   total 65536K, used 10400K [0x00000000fc000000, 0x0000000100000000)
  region size 1024K, 3 young (3072K), 3 survivors (3072K)
 Metaspace       used 3731K, committed 3904K, reserved 1056768K
  class space    used 464K, committed 512K, reserved 1048576K
}
Event: 8.552 GC heap before
{Heap before GC invocations=1 (full 0):
 garbage-first heap   total 65536K, used 32928K [0x00000000fc000000, 0x0000000100000000)
  region size 1024K, 25 young (25600K), 3 survivors (3072K)
 Metaspace       used 9174K, committed 9472K, reserved 1064960K
  class space    used 1208K, committed 1344K, reserved 1048576K
}
Event: 8.564 GC heap after
{Heap after GC invocations=2 (full 0):
 garbage-first heap   total 65536K, used 12808K [0x00000000fc000000, 0x0000000100000000)
  region size 1024K, 3 young (3072K), 3 survivors (3072K)
 Metaspace       used 9174K, committed 9472K, reserved 1064960K
  class space    used 1208K, committed 1344K, reserved 1048576K
}

Deoptimization events (20 events):
Event: 3.137 Thread 0x0000019c256d3660 Uncommon trap: trap_request=0xffffff45 fr.pc=0x0000019c19906d48 relative=0x0000000000000048
Event: 3.137 Thread 0x0000019c256d3660 Uncommon trap: reason=unstable_if action=reinterpret pc=0x0000019c19906d48 method=java.lang.CharacterData.of(I)Ljava/lang/CharacterData; @ 4 c2
Event: 3.137 Thread 0x0000019c256d3660 DEOPT PACKING pc=0x0000019c19906d48 sp=0x0000003d480fe180
Event: 3.137 Thread 0x0000019c256d3660 DEOPT UNPACKING pc=0x0000019c193523a3 sp=0x0000003d480fe118 mode 2
Event: 3.141 Thread 0x0000019c256d3660 Uncommon trap: trap_request=0xffffff45 fr.pc=0x0000019c198e1b4c relative=0x000000000000012c
Event: 3.141 Thread 0x0000019c256d3660 Uncommon trap: reason=unstable_if action=reinterpret pc=0x0000019c198e1b4c method=java.lang.AbstractStringBuilder.putStringAt(ILjava/lang/String;II)V @ 8 c2
Event: 3.141 Thread 0x0000019c256d3660 DEOPT PACKING pc=0x0000019c198e1b4c sp=0x0000003d480fe9c0
Event: 3.141 Thread 0x0000019c256d3660 DEOPT UNPACKING pc=0x0000019c193523a3 sp=0x0000003d480fe8f0 mode 2
Event: 3.141 Thread 0x0000019c256d3660 Uncommon trap: trap_request=0xffffff45 fr.pc=0x0000019c198d5858 relative=0x0000000000000138
Event: 3.141 Thread 0x0000019c256d3660 Uncommon trap: reason=unstable_if action=reinterpret pc=0x0000019c198d5858 method=java.lang.AbstractStringBuilder.putStringAt(ILjava/lang/String;II)V @ 8 c2
Event: 3.141 Thread 0x0000019c256d3660 DEOPT PACKING pc=0x0000019c198d5858 sp=0x0000003d480fe920
Event: 3.141 Thread 0x0000019c256d3660 DEOPT UNPACKING pc=0x0000019c193523a3 sp=0x0000003d480fe8e8 mode 2
Event: 3.141 Thread 0x0000019c256d3660 Uncommon trap: trap_request=0xffffff45 fr.pc=0x0000019c1991386c relative=0x00000000000003cc
Event: 3.141 Thread 0x0000019c256d3660 Uncommon trap: reason=unstable_if action=reinterpret pc=0x0000019c1991386c method=java.lang.AbstractStringBuilder.isLatin1()Z @ 10 c2
Event: 3.141 Thread 0x0000019c256d3660 DEOPT PACKING pc=0x0000019c1991386c sp=0x0000003d480fea80
Event: 3.141 Thread 0x0000019c256d3660 DEOPT UNPACKING pc=0x0000019c193523a3 sp=0x0000003d480fea00 mode 2
Event: 8.391 Thread 0x0000019c256d3660 Uncommon trap: trap_request=0xffffff45 fr.pc=0x0000019c198b8680 relative=0x0000000000000080
Event: 8.391 Thread 0x0000019c256d3660 Uncommon trap: reason=unstable_if action=reinterpret pc=0x0000019c198b8680 method=java.lang.String.codePointAt(I)I @ 4 c2
Event: 8.391 Thread 0x0000019c256d3660 DEOPT PACKING pc=0x0000019c198b8680 sp=0x0000003d480fea00
Event: 8.391 Thread 0x0000019c256d3660 DEOPT UNPACKING pc=0x0000019c193523a3 sp=0x0000003d480fe998 mode 2

Classes unloaded (0 events):
No events

Classes redefined (0 events):
No events

Internal exceptions (20 events):
Event: 1.479 Thread 0x0000019c0a5403c0 Exception <a 'java/lang/NoSuchMethodError'{0x00000000fff31e78}: 'java.lang.Object java.lang.invoke.DirectMethodHandle$Holder.invokeVirtual(java.lang.Object, java.lang.Object, java.lang.Object, java.lang.Object, java.lang.Object, java.lang.Object, java.lang.Object)'> (0x00000000fff31e78) 
thrown [s\open\src\hotspot\share\interpreter\linkResolver.cpp, line 759]
Event: 1.483 Thread 0x0000019c0a5403c0 Exception <a 'java/lang/NoSuchMethodError'{0x00000000fff43438}: 'java.lang.Object java.lang.invoke.Invokers$Holder.invoker(java.lang.Object, java.lang.Object, java.lang.Object)'> (0x00000000fff43438) 
thrown [s\open\src\hotspot\share\interpreter\linkResolver.cpp, line 759]
Event: 1.487 Thread 0x0000019c0a5403c0 Exception <a 'java/lang/NoSuchMethodError'{0x00000000fff4c610}: 'java.lang.Object java.lang.invoke.DirectMethodHandle$Holder.invokeStatic(java.lang.Object, java.lang.Object, int)'> (0x00000000fff4c610) 
thrown [s\open\src\hotspot\share\interpreter\linkResolver.cpp, line 759]
Event: 1.490 Thread 0x0000019c0a5403c0 Exception <a 'java/lang/NoSuchMethodError'{0x00000000fff58300}: 'void java.lang.invoke.DelegatingMethodHandle$Holder.delegate(java.lang.Object, java.lang.Object, int, java.lang.Object)'> (0x00000000fff58300) 
thrown [s\open\src\hotspot\share\interpreter\linkResolver.cpp, line 759]
Event: 1.491 Thread 0x0000019c0a5403c0 Exception <a 'java/lang/NoSuchMethodError'{0x00000000fff5c4c8}: 'int java.lang.invoke.DirectMethodHandle$Holder.invokeSpecial(java.lang.Object, java.lang.Object, java.lang.Object)'> (0x00000000fff5c4c8) 
thrown [s\open\src\hotspot\share\interpreter\linkResolver.cpp, line 759]
Event: 1.496 Thread 0x0000019c0a5403c0 Exception <a 'java/lang/NoSuchMethodError'{0x00000000fff6f610}: 'java.lang.Object java.lang.invoke.Invokers$Holder.invokeExact_MT(java.lang.Object, java.lang.Object, java.lang.Object, java.lang.Object)'> (0x00000000fff6f610) 
thrown [s\open\src\hotspot\share\interpreter\linkResolver.cpp, line 759]
Event: 1.748 Thread 0x0000019c0a5403c0 Exception <a 'java/lang/NoSuchMethodError'{0x00000000ff8182c8}: 'void java.lang.invoke.DirectMethodHandle$Holder.invokeSpecial(java.lang.Object, java.lang.Object, java.lang.Object)'> (0x00000000ff8182c8) 
thrown [s\open\src\hotspot\share\interpreter\linkResolver.cpp, line 759]
Event: 1.770 Thread 0x0000019c0a5403c0 Implicit null exception at 0x0000019c198fda8c to 0x0000019c198fdfc0
Event: 1.770 Thread 0x0000019c0a5403c0 Implicit null exception at 0x0000019c198f4f0f to 0x0000019c198f5450
Event: 1.815 Thread 0x0000019c0a5403c0 Exception <a 'java/lang/NoSuchMethodError'{0x00000000ff75eb40}: 'java.lang.Object java.lang.invoke.DirectMethodHandle$Holder.invokeStaticInit(java.lang.Object)'> (0x00000000ff75eb40) 
thrown [s\open\src\hotspot\share\interpreter\linkResolver.cpp, line 759]
Event: 2.028 Thread 0x0000019c0a5403c0 Exception <a 'java/lang/NoSuchMethodError'{0x00000000ff31e720}: 'java.lang.Object java.lang.invoke.DirectMethodHandle$Holder.invokeStaticInit(java.lang.Object, int, int, int, int)'> (0x00000000ff31e720) 
thrown [s\open\src\hotspot\share\interpreter\linkResolver.cpp, line 759]
Event: 2.249 Thread 0x0000019c0a5403c0 Exception <a 'java/lang/NoSuchMethodError'{0x00000000ff3fd8d8}: 'java.lang.Object java.lang.invoke.DirectMethodHandle$Holder.invokeStaticInit(java.lang.Object, java.lang.Object, int, int, int, int)'> (0x00000000ff3fd8d8) 
thrown [s\open\src\hotspot\share\interpreter\linkResolver.cpp, line 759]
Event: 2.716 Thread 0x0000019c0a5403c0 Exception <a 'java/lang/NoSuchMethodError'{0x00000000ff22c8b0}: 'void java.lang.invoke.DirectMethodHandle$Holder.invokeStatic(java.lang.Object, java.lang.Object, java.lang.Object)'> (0x00000000ff22c8b0) 
thrown [s\open\src\hotspot\share\interpreter\linkResolver.cpp, line 759]
Event: 2.751 Thread 0x0000019c0a5403c0 Implicit null exception at 0x0000019c198deaf2 to 0x0000019c198df0c0
Event: 2.752 Thread 0x0000019c0a5403c0 Implicit null exception at 0x0000019c198e0b72 to 0x0000019c198e1150
Event: 3.099 Thread 0x0000019c256d3660 Exception <a 'java/lang/NoSuchMethodError'{0x00000000feb0aff8}: 'void java.lang.invoke.DirectMethodHandle$Holder.invokeStatic(java.lang.Object, long)'> (0x00000000feb0aff8) 
thrown [s\open\src\hotspot\share\interpreter\linkResolver.cpp, line 759]
Event: 3.100 Thread 0x0000019c256d3660 Exception <a 'java/lang/NoSuchMethodError'{0x00000000feb10950}: 'java.lang.Object java.lang.invoke.DirectMethodHandle$Holder.newInvokeSpecial(java.lang.Object, long)'> (0x00000000feb10950) 
thrown [s\open\src\hotspot\share\interpreter\linkResolver.cpp, line 759]
Event: 3.106 Thread 0x0000019c256d3660 Exception <a 'java/lang/NoSuchMethodError'{0x00000000feb1b4f8}: 'java.lang.Object java.lang.invoke.DirectMethodHandle$Holder.invokeStaticInit(java.lang.Object, java.lang.Object, long, java.lang.Object)'> (0x00000000feb1b4f8) 
thrown [s\open\src\hotspot\share\interpreter\linkResolver.cpp, line 759]
Event: 3.107 Thread 0x0000019c256d3660 Exception <a 'java/lang/NoSuchMethodError'{0x00000000feb21b80}: 'java.lang.Object java.lang.invoke.DirectMethodHandle$Holder.newInvokeSpecial(java.lang.Object, java.lang.Object, long)'> (0x00000000feb21b80) 
thrown [s\open\src\hotspot\share\interpreter\linkResolver.cpp, line 759]
Event: 3.108 Thread 0x0000019c256d3660 Exception <a 'java/lang/NoSuchMethodError'{0x00000000feb25e70}: 'java.lang.Object java.lang.invoke.Invokers$Holder.linkToTargetMethod(java.lang.Object, long, java.lang.Object)'> (0x00000000feb25e70) 
thrown [s\open\src\hotspot\share\interpreter\linkResolver.cpp, line 759]

VM Operations (20 events):
Event: 32.372 Executing VM operation: Cleanup
Event: 32.372 Executing VM operation: Cleanup done
Event: 35.404 Executing VM operation: Cleanup
Event: 35.404 Executing VM operation: Cleanup done
Event: 36.415 Executing VM operation: Cleanup
Event: 36.415 Executing VM operation: Cleanup done
Event: 37.419 Executing VM operation: Cleanup
Event: 37.422 Executing VM operation: Cleanup done
Event: 38.429 Executing VM operation: Cleanup
Event: 38.429 Executing VM operation: Cleanup done
Event: 39.441 Executing VM operation: Cleanup
Event: 39.442 Executing VM operation: Cleanup done
Event: 40.448 Executing VM operation: Cleanup
Event: 40.448 Executing VM operation: Cleanup done
Event: 43.476 Executing VM operation: Cleanup
Event: 43.476 Executing VM operation: Cleanup done
Event: 44.144 Executing VM operation: HandshakeAllThreads
Event: 44.144 Executing VM operation: HandshakeAllThreads done
Event: 45.151 Executing VM operation: Cleanup
Event: 45.152 Executing VM operation: Cleanup done

Events (20 events):
Event: 25.666 loading class jdk/internal/reflect/ByteVectorImpl
Event: 25.668 loading class jdk/internal/reflect/ByteVector
Event: 25.669 loading class jdk/internal/reflect/ByteVector done
Event: 25.669 loading class jdk/internal/reflect/ByteVectorImpl done
Event: 25.669 loading class jdk/internal/reflect/ClassFileAssembler
Event: 25.670 loading class jdk/internal/reflect/ClassFileAssembler done
Event: 25.670 loading class jdk/internal/reflect/UTF8
Event: 25.671 loading class jdk/internal/reflect/UTF8 done
Event: 25.674 loading class jdk/internal/reflect/Label
Event: 25.676 loading class jdk/internal/reflect/Label done
Event: 25.676 loading class jdk/internal/reflect/Label$PatchInfo
Event: 25.676 loading class jdk/internal/reflect/Label$PatchInfo done
Event: 25.677 loading class jdk/internal/reflect/MethodAccessorGenerator$1
Event: 25.677 loading class jdk/internal/reflect/MethodAccessorGenerator$1 done
Event: 25.677 loading class jdk/internal/reflect/ClassDefiner
Event: 25.677 loading class jdk/internal/reflect/ClassDefiner done
Event: 25.677 loading class jdk/internal/reflect/ClassDefiner$1
Event: 25.677 loading class jdk/internal/reflect/ClassDefiner$1 done
Event: 32.355 loading class java/util/ArrayList$ListItr
Event: 32.355 loading class java/util/ArrayList$ListItr done


Dynamic libraries:
0x00007ff7866a0000 - 0x00007ff7866b0000 	C:\Program Files\Java\jdk-17\bin\java.exe
0x00007fffe87e0000 - 0x00007fffe89e9000 	C:\Windows\SYSTEM32\ntdll.dll
0x00007fffe7ac0000 - 0x00007fffe7b7d000 	C:\Windows\System32\KERNEL32.DLL
0x00007fffe5e30000 - 0x00007fffe61b4000 	C:\Windows\System32\KERNELBASE.dll
0x00007fffe5c70000 - 0x00007fffe5d81000 	C:\Windows\System32\ucrtbase.dll
0x00007fffc5f10000 - 0x00007fffc5f2b000 	C:\Program Files\Java\jdk-17\bin\VCRUNTIME140.dll
0x00007fffc3fc0000 - 0x00007fffc3fd8000 	C:\Program Files\Java\jdk-17\bin\jli.dll
0x00007fffe84e0000 - 0x00007fffe858e000 	C:\Windows\System32\ADVAPI32.dll
0x00007fffe6dd0000 - 0x00007fffe6e73000 	C:\Windows\System32\msvcrt.dll
0x00007fffe79b0000 - 0x00007fffe7a4e000 	C:\Windows\System32\sechost.dll
0x00007fffe8590000 - 0x00007fffe86b1000 	C:\Windows\System32\RPCRT4.dll
0x00007fffe69e0000 - 0x00007fffe6b8d000 	C:\Windows\System32\USER32.dll
0x00007fffe64c0000 - 0x00007fffe64e6000 	C:\Windows\System32\win32u.dll
0x00007fffd7b20000 - 0x00007fffd7dc5000 	C:\Windows\WinSxS\amd64_microsoft.windows.common-controls_6595b64144ccf1df_6.0.22000.120_none_9d947278b86cc467\COMCTL32.dll
0x00007fffe7b80000 - 0x00007fffe7baa000 	C:\Windows\System32\GDI32.dll
0x00007fffe61c0000 - 0x00007fffe62de000 	C:\Windows\System32\gdi32full.dll
0x00007fffe5d90000 - 0x00007fffe5e2d000 	C:\Windows\System32\msvcp_win.dll
0x00007fffde490000 - 0x00007fffde49a000 	C:\Windows\SYSTEM32\VERSION.dll
0x00007fffe69a0000 - 0x00007fffe69d1000 	C:\Windows\System32\IMM32.DLL
0x00007fffce620000 - 0x00007fffce62c000 	C:\Program Files\Java\jdk-17\bin\vcruntime140_1.dll
0x00007fffbcdb0000 - 0x00007fffbce3e000 	C:\Program Files\Java\jdk-17\bin\msvcp140.dll
0x00007fff64de0000 - 0x00007fff659b7000 	C:\Program Files\Java\jdk-17\bin\server\jvm.dll
0x00007fffe6d50000 - 0x00007fffe6d58000 	C:\Windows\System32\PSAPI.DLL
0x00007fffc4bb0000 - 0x00007fffc4bb9000 	C:\Windows\SYSTEM32\WSOCK32.dll
0x00007fffdf900000 - 0x00007fffdf933000 	C:\Windows\SYSTEM32\WINMM.dll
0x00007fffe6830000 - 0x00007fffe689f000 	C:\Windows\System32\WS2_32.dll
0x00007fffe4cb0000 - 0x00007fffe4cc8000 	C:\Windows\SYSTEM32\kernel.appcore.dll
0x00007fffc1ab0000 - 0x00007fffc1aba000 	C:\Program Files\Java\jdk-17\bin\jimage.dll
0x00007fffe37e0000 - 0x00007fffe3a01000 	C:\Windows\SYSTEM32\DBGHELP.DLL
0x00007fffc8c60000 - 0x00007fffc8c91000 	C:\Windows\SYSTEM32\dbgcore.DLL
0x00007fffe65b0000 - 0x00007fffe662f000 	C:\Windows\System32\bcryptPrimitives.dll
0x00007fffbd5b0000 - 0x00007fffbd5d5000 	C:\Program Files\Java\jdk-17\bin\java.dll
0x00007fffa65c0000 - 0x00007fffa6697000 	C:\Program Files\Java\jdk-17\bin\jsvml.dll
0x00007fffe7bb0000 - 0x00007fffe8375000 	C:\Windows\System32\SHELL32.dll
0x00007fffe3d00000 - 0x00007fffe4562000 	C:\Windows\SYSTEM32\windows.storage.dll
0x00007fffe6e80000 - 0x00007fffe71f6000 	C:\Windows\System32\combase.dll
0x00007fffe3b90000 - 0x00007fffe3cf7000 	C:\Windows\SYSTEM32\wintypes.dll
0x00007fffe68a0000 - 0x00007fffe698a000 	C:\Windows\System32\SHCORE.dll
0x00007fffe8740000 - 0x00007fffe879d000 	C:\Windows\System32\shlwapi.dll
0x00007fffe5ba0000 - 0x00007fffe5bc5000 	C:\Windows\SYSTEM32\profapi.dll
0x00007fffc1a90000 - 0x00007fffc1aa9000 	C:\Program Files\Java\jdk-17\bin\net.dll
0x00007fffdfb40000 - 0x00007fffdfc54000 	C:\Windows\SYSTEM32\WINHTTP.dll
0x00007fffe5190000 - 0x00007fffe51f7000 	C:\Windows\system32\mswsock.dll
0x00007fffc1360000 - 0x00007fffc1376000 	C:\Program Files\Java\jdk-17\bin\nio.dll
0x00007fffbdb60000 - 0x00007fffbdb78000 	C:\Program Files\Java\jdk-17\bin\zip.dll
0x00007fffc03f0000 - 0x00007fffc0400000 	C:\Program Files\Java\jdk-17\bin\verify.dll
0x00007fffd4930000 - 0x00007fffd4957000 	C:\Users\yoann\.gradle\native\c067742578af261105cb4f569cf0c3c89f3d7b1fecec35dd04571415982c5e48\windows-amd64\native-platform.dll
0x00007fffbdcd0000 - 0x00007fffbdcda000 	C:\Users\yoann\.gradle\native\jansi\1.18\windows64\jansi.dll
0x00007fffbd410000 - 0x00007fffbd41a000 	C:\Program Files\Java\jdk-17\bin\management.dll
0x00007fffbd400000 - 0x00007fffbd40b000 	C:\Program Files\Java\jdk-17\bin\management_ext.dll
0x00007fffe53d0000 - 0x00007fffe53e8000 	C:\Windows\SYSTEM32\CRYPTSP.dll
0x00007fffe4c10000 - 0x00007fffe4c45000 	C:\Windows\system32\rsaenh.dll
0x00007fffe5280000 - 0x00007fffe52ac000 	C:\Windows\SYSTEM32\USERENV.dll
0x00007fffe5550000 - 0x00007fffe5577000 	C:\Windows\SYSTEM32\bcrypt.dll
0x00007fffe53f0000 - 0x00007fffe53fc000 	C:\Windows\SYSTEM32\CRYPTBASE.dll
0x00007fffe47c0000 - 0x00007fffe47ed000 	C:\Windows\SYSTEM32\IPHLPAPI.DLL
0x00007fffe7200000 - 0x00007fffe7209000 	C:\Windows\System32\NSI.dll
0x00007fffdf8e0000 - 0x00007fffdf8f9000 	C:\Windows\SYSTEM32\dhcpcsvc6.DLL
0x00007fffe0660000 - 0x00007fffe067e000 	C:\Windows\SYSTEM32\dhcpcsvc.DLL
0x00007fffe4830000 - 0x00007fffe4917000 	C:\Windows\SYSTEM32\DNSAPI.dll
0x00007fffbcff0000 - 0x00007fffbcffd000 	C:\Program Files\Java\jdk-17\bin\sunmscapi.dll
0x00007fffe6350000 - 0x00007fffe64b2000 	C:\Windows\System32\CRYPT32.dll
0x00007fffe5520000 - 0x00007fffe5548000 	C:\Windows\SYSTEM32\ncrypt.dll
0x00007fffe54e0000 - 0x00007fffe5517000 	C:\Windows\SYSTEM32\NTASN1.dll
0x00007fffd4540000 - 0x00007fffd4548000 	C:\Windows\system32\wshunix.dll

dbghelp: loaded successfully - version: 4.0.5 - missing functions: none
symbol engine: initialized successfully - sym options: 0x614 - pdb path: .;C:\Program Files\Java\jdk-17\bin;C:\Windows\SYSTEM32;C:\Windows\WinSxS\amd64_microsoft.windows.common-controls_6595b64144ccf1df_6.0.22000.120_none_9d947278b86cc467;C:\Program Files\Java\jdk-17\bin\server;C:\Users\yoann\.gradle\native\c067742578af261105cb4f569cf0c3c89f3d7b1fecec35dd04571415982c5e48\windows-amd64;C:\Users\yoann\.gradle\native\jansi\1.18\windows64

VM Arguments:
jvm_args: -Xmx64m -Xms64m -Dorg.gradle.appname=gradlew 
java_command: org.gradle.wrapper.GradleWrapperMain bootRun
java_class_path (initial): C:\Users\yoann\Documents\spring\game\gamedb\\gradle\wrapper\gradle-wrapper.jar
Launcher Type: SUN_STANDARD

[Global flags]
     intx CICompilerCount                          = 4                                         {product} {ergonomic}
     uint ConcGCThreads                            = 2                                         {product} {ergonomic}
     uint G1ConcRefinementThreads                  = 8                                         {product} {ergonomic}
   size_t G1HeapRegionSize                         = 1048576                                   {product} {ergonomic}
    uintx GCDrainStackTargetSize                   = 64                                        {product} {ergonomic}
   size_t InitialHeapSize                          = 67108864                                  {product} {command line}
   size_t MarkStackSize                            = 4194304                                   {product} {ergonomic}
   size_t MaxHeapSize                              = 67108864                                  {product} {command line}
   size_t MaxNewSize                               = 39845888                                  {product} {ergonomic}
   size_t MinHeapDeltaBytes                        = 1048576                                   {product} {ergonomic}
   size_t MinHeapSize                              = 67108864                                  {product} {command line}
    uintx NonNMethodCodeHeapSize                   = 5839372                                {pd product} {ergonomic}
    uintx NonProfiledCodeHeapSize                  = 122909434                              {pd product} {ergonomic}
    uintx ProfiledCodeHeapSize                     = 122909434                              {pd product} {ergonomic}
    uintx ReservedCodeCacheSize                    = 251658240                              {pd product} {ergonomic}
     bool SegmentedCodeCache                       = true                                      {product} {ergonomic}
   size_t SoftMaxHeapSize                          = 67108864                               {manageable} {ergonomic}
     bool UseCompressedClassPointers               = true                           {product lp64_product} {ergonomic}
     bool UseCompressedOops                        = true                           {product lp64_product} {ergonomic}
     bool UseG1GC                                  = true                                      {product} {ergonomic}
     bool UseLargePagesIndividualAllocation        = false                                  {pd product} {ergonomic}

Logging:
Log output configuration:
 #0: stdout all=warning uptime,level,tags
 #1: stderr all=off uptime,level,tags

Environment Variables:
CLASSPATH=C:\Users\yoann\Documents\spring\game\gamedb\\gradle\wrapper\gradle-wrapper.jar
PATH=C:\Program Files\Common Files\Oracle\Java\javapath;C:\Windows\system32;C:\Windows;C:\Windows\System32\Wbem;C:\Windows\System32\WindowsPowerShell\v1.0\;C:\Windows\System32\OpenSSH\;C:\Program Files\Git\cmd;C:\Program Files\nodejs\;C:\Program Files\Docker\Docker\resources\bin;C:\Users\yoann\AppData\Local\Microsoft\WindowsApps;C:\Users\yoann\AppData\Local\Programs\Microsoft VS Code\bin;C:\ProgramData\yoann\GitHubDesktop\bin;C:\MinGW\bin;C:\Users\yoann\AppData\Roaming\npm;C:\Program Files\nodejs;C:\Gradle\gradle-8.0.2\bin;
USERNAME=yoann
OS=Windows_NT
PROCESSOR_IDENTIFIER=AMD64 Family 25 Model 80 Stepping 0, AuthenticAMD



---------------  S Y S T E M  ---------------

OS:
 Windows 11 , 64 bit Build 22000 (10.0.22000.2538)
OS uptime: 3 days 7:01 hours
Hyper-V role detected

CPU: total 8 (initial active 8) (8 cores per cpu, 2 threads per core) family 25 model 80 stepping 0 microcode 0x0, cx8, cmov, fxsr, ht, mmx, 3dnowpref, sse, sse2, sse3, ssse3, sse4a, sse4.1, sse4.2, popcnt, lzcnt, tsc, tscinvbit, avx, avx2, aes, erms, clmul, bmi1, bmi2, adx, sha, fma, vzeroupper, clflush, clflushopt, hv

Memory: 4k page, system-wide physical 6990M (65M free)
TotalPageFile size 28494M (AvailPageFile size 0M)
current process WorkingSet (physical memory assigned to process): 29M, peak: 97M
current process commit charge ("private bytes"): 164M, peak: 172M

vm_info: Java HotSpot(TM) 64-Bit Server VM (17.0.6+9-LTS-190) for windows-amd64 JRE (17.0.6+9-LTS-190), built on Dec  6 2022 15:53:54 by "mach5one" with MS VC++ 17.1 (VS2022)

END.
