#
# There is insufficient memory for the Java Runtime Environment to continue.
# Native memory allocation (mmap) failed to map 65536 bytes for Failed to commit metaspace.
# Possible reasons:
#   The system is out of physical RAM or swap space
#   The process is running with CompressedOops enabled, and the Java Heap may be blocking the growth of the native heap
# Possible solutions:
#   Reduce memory load on the system
#   Increase physical memory or swap space
#   Check if swap backing store is full
#   Decrease Java heap size (-Xmx/-Xms)
#   Decrease number of Java threads
#   Decrease Java thread stack sizes (-Xss)
#   Set larger code cache with -XX:ReservedCodeCacheSize=
#   JVM is running with Unscaled Compressed Oops mode in which the Java heap is
#     placed in the first 4GB address space. The Java Heap base address is the
#     maximum limit for the native heap growth. Please use -XX:HeapBaseMinAddress
#     to set the Java Heap base and to place the Java Heap above 4GB virtual address.
# This output file may be truncated or incomplete.
#
#  Out of Memory Error (virtualSpaceNode.cpp:110), pid=58400, tid=63508
#
# JRE version: Java(TM) SE Runtime Environment (17.0.6+9) (build 17.0.6+9-LTS-190)
# Java VM: Java HotSpot(TM) 64-Bit Server VM (17.0.6+9-LTS-190, mixed mode, emulated-client, sharing, tiered, compressed oops, compressed class ptrs, g1 gc, windows-amd64)
# No core dump will be written. Minidumps are not enabled by default on client versions of Windows
#

---------------  S U M M A R Y ------------

Command Line: -XX:TieredStopAtLevel=1 -Dfile.encoding=windows-1252 -Duser.country=FR -Duser.language=fr -Duser.variant com.gamedb.gamedb.GamedbApplication

Host: AMD Ryzen 3 5425U with Radeon Graphics         , 8 cores, 6G,  Windows 11 , 64 bit Build 22000 (10.0.22000.2538)
Time: Fri Jan 19 14:51:58 2024 Paris, Madrid elapsed time: 3.659840 seconds (0d 0h 0m 3s)

---------------  T H R E A D  ---------------

Current thread (0x000002bfbbe22300):  JavaThread "background-preinit" [_thread_in_vm, id=63508, stack(0x000000f81b000000,0x000000f81b100000)]

Stack: [0x000000f81b000000,0x000000f81b100000]
Native frames: (J=compiled Java code, j=interpreted, Vv=VM code, C=native code)
V  [jvm.dll+0x6734ea]
V  [jvm.dll+0x7d18f4]
V  [jvm.dll+0x7d309e]
V  [jvm.dll+0x7d3703]
V  [jvm.dll+0x2433c5]
V  [jvm.dll+0x7cd9fb]
V  [jvm.dll+0x619546]
V  [jvm.dll+0x1bdf07]
V  [jvm.dll+0x61bea0]
V  [jvm.dll+0x619f06]
V  [jvm.dll+0x238f21]
V  [jvm.dll+0x1e8437]
V  [jvm.dll+0x1de0d1]
V  [jvm.dll+0x5399dc]
V  [jvm.dll+0x74c638]
V  [jvm.dll+0x74c724]
V  [jvm.dll+0x4080bf]
V  [jvm.dll+0x40e0d9]
C  [java.dll+0x17ec]

Java frames: (J=compiled Java code, j=interpreted, Vv=VM code)
J 754  java.lang.ClassLoader.defineClass1(Ljava/lang/ClassLoader;Ljava/lang/String;[BIILjava/security/ProtectionDomain;Ljava/lang/String;)Ljava/lang/Class; java.base@17.0.6 (0 bytes) @ 0x000002bfb0d7aee3 [0x000002bfb0d7ae20+0x00000000000000c3]
J 870 c1 java.lang.ClassLoader.defineClass(Ljava/lang/String;[BIILjava/security/ProtectionDomain;)Ljava/lang/Class; java.base@17.0.6 (43 bytes) @ 0x000002bfb0da675c [0x000002bfb0da6660+0x00000000000000fc]
J 755 c1 jdk.internal.loader.BuiltinClassLoader.defineClass(Ljava/lang/String;Ljdk/internal/loader/Resource;)Ljava/lang/Class; java.base@17.0.6 (121 bytes) @ 0x000002bfb0d7c664 [0x000002bfb0d7c1a0+0x00000000000004c4]
J 753 c1 jdk.internal.loader.BuiltinClassLoader.findClassOnClassPathOrNull(Ljava/lang/String;)Ljava/lang/Class; java.base@17.0.6 (64 bytes) @ 0x000002bfb0d7b6b4 [0x000002bfb0d7b400+0x00000000000002b4]
J 419 c1 jdk.internal.loader.BuiltinClassLoader.loadClassOrNull(Ljava/lang/String;Z)Ljava/lang/Class; java.base@17.0.6 (143 bytes) @ 0x000002bfb0cf675c [0x000002bfb0cf6300+0x000000000000045c]
J 648 c1 jdk.internal.loader.ClassLoaders$AppClassLoader.loadClass(Ljava/lang/String;Z)Ljava/lang/Class; java.base@17.0.6 (40 bytes) @ 0x000002bfb0d514a4 [0x000002bfb0d51360+0x0000000000000144]
J 647 c1 java.lang.ClassLoader.loadClass(Ljava/lang/String;)Ljava/lang/Class; java.base@17.0.6 (7 bytes) @ 0x000002bfb0d51064 [0x000002bfb0d51020+0x0000000000000044]
v  ~StubRoutines::call_stub
j  com.fasterxml.jackson.core.Base64Variants.<clinit>()V+0
v  ~StubRoutines::call_stub
j  com.fasterxml.jackson.databind.ObjectMapper.<clinit>()V+31
v  ~StubRoutines::call_stub
j  org.springframework.http.converter.json.Jackson2ObjectMapperBuilder.build()Lcom/fasterxml/jackson/databind/ObjectMapper;+77
j  org.springframework.http.converter.json.MappingJackson2HttpMessageConverter.<init>()V+4
j  org.springframework.http.converter.support.AllEncompassingFormHttpMessageConverter.<init>()V+55
j  org.springframework.boot.autoconfigure.BackgroundPreinitializer$MessageConverterInitializer.run()V+4
j  org.springframework.boot.autoconfigure.BackgroundPreinitializer$1.runSafely(Ljava/lang/Runnable;)Z+1
j  org.springframework.boot.autoconfigure.BackgroundPreinitializer$1.run()V+32
j  java.lang.Thread.run()V+11 java.base@17.0.6
v  ~StubRoutines::call_stub

---------------  P R O C E S S  ---------------

Threads class SMR info:
_java_thread_list=0x000002bfbc9fd8f0, length=12, elements={
0x000002bfa92dc0a0, 0x000002bfba7eb6a0, 0x000002bfba7ee830, 0x000002bfba808460,
0x000002bfba808d20, 0x000002bfba80b5f0, 0x000002bfba80f3b0, 0x000002bfba80fd20,
0x000002bfba818a30, 0x000002bfbb4c6280, 0x000002bfbb4ccbb0, 0x000002bfbbe22300
}

Java Threads: ( => current thread )
  0x000002bfa92dc0a0 JavaThread "main" [_thread_in_vm, id=59144, stack(0x000000f819a00000,0x000000f819b00000)]
  0x000002bfba7eb6a0 JavaThread "Reference Handler" daemon [_thread_blocked, id=11724, stack(0x000000f81a100000,0x000000f81a200000)]
  0x000002bfba7ee830 JavaThread "Finalizer" daemon [_thread_blocked, id=54492, stack(0x000000f81a200000,0x000000f81a300000)]
  0x000002bfba808460 JavaThread "Signal Dispatcher" daemon [_thread_blocked, id=50020, stack(0x000000f81a300000,0x000000f81a400000)]
  0x000002bfba808d20 JavaThread "Attach Listener" daemon [_thread_blocked, id=60848, stack(0x000000f81a400000,0x000000f81a500000)]
  0x000002bfba80b5f0 JavaThread "Service Thread" daemon [_thread_blocked, id=57952, stack(0x000000f81a500000,0x000000f81a600000)]
  0x000002bfba80f3b0 JavaThread "Monitor Deflation Thread" daemon [_thread_blocked, id=3996, stack(0x000000f81a600000,0x000000f81a700000)]
  0x000002bfba80fd20 JavaThread "C1 CompilerThread0" daemon [_thread_blocked, id=56652, stack(0x000000f81a700000,0x000000f81a800000)]
  0x000002bfba818a30 JavaThread "Sweeper thread" daemon [_thread_blocked, id=29748, stack(0x000000f81a800000,0x000000f81a900000)]
  0x000002bfbb4c6280 JavaThread "Notification Thread" daemon [_thread_blocked, id=59148, stack(0x000000f81a900000,0x000000f81aa00000)]
  0x000002bfbb4ccbb0 JavaThread "Common-Cleaner" daemon [_thread_blocked, id=58168, stack(0x000000f81ab00000,0x000000f81ac00000)]
=>0x000002bfbbe22300 JavaThread "background-preinit" [_thread_in_vm, id=63508, stack(0x000000f81b000000,0x000000f81b100000)]

Other Threads:
  0x000002bfba7e7ba0 VMThread "VM Thread" [stack: 0x000000f81a000000,0x000000f81a100000] [id=62960]
  0x000002bfbb4c8760 WatcherThread [stack: 0x000000f81aa00000,0x000000f81ab00000] [id=22832]
  0x000002bfa932d310 GCTaskThread "GC Thread#0" [stack: 0x000000f819b00000,0x000000f819c00000] [id=63820]
  0x000002bfbbd031a0 GCTaskThread "GC Thread#1" [stack: 0x000000f81ac00000,0x000000f81ad00000] [id=43644]
  0x000002bfbbdc5020 GCTaskThread "GC Thread#2" [stack: 0x000000f81ad00000,0x000000f81ae00000] [id=49864]
  0x000002bfbbdc52d0 GCTaskThread "GC Thread#3" [stack: 0x000000f81ae00000,0x000000f81af00000] [id=63988]
  0x000002bfbbdc5580 GCTaskThread "GC Thread#4" [stack: 0x000000f81af00000,0x000000f81b000000] [id=18340]
  0x000002bfbbec99c0 GCTaskThread "GC Thread#5" [stack: 0x000000f81b100000,0x000000f81b200000] [id=60612]
  0x000002bfbc8226f0 GCTaskThread "GC Thread#6" [stack: 0x000000f81b200000,0x000000f81b300000] [id=55240]
  0x000002bfbc8229a0 GCTaskThread "GC Thread#7" [stack: 0x000000f81b300000,0x000000f81b400000] [id=49688]
  0x000002bfa933cbf0 ConcurrentGCThread "G1 Main Marker" [stack: 0x000000f819c00000,0x000000f819d00000] [id=52912]
  0x000002bfa933dcb0 ConcurrentGCThread "G1 Conc#0" [stack: 0x000000f819d00000,0x000000f819e00000] [id=54352]
  0x000002bfa939e720 ConcurrentGCThread "G1 Refine#0" [stack: 0x000000f819e00000,0x000000f819f00000] [id=38512]
  0x000002bfba6a5290 ConcurrentGCThread "G1 Service" [stack: 0x000000f819f00000,0x000000f81a000000] [id=19404]

Threads with active compile tasks:

VM state: not at safepoint (normal execution)

VM Mutex/Monitor currently owned by a thread:  ([mutex/lock_event])
[0x000002bfa92d65c0] Metaspace_lock - owner thread: 0x000002bfbbe22300

Heap address: 0x0000000092c00000, size: 1748 MB, Compressed Oops mode: 32-bit

CDS archive(s) mapped at: [0x0000000800000000-0x0000000800bd0000-0x0000000800bd0000), size 12386304, SharedBaseAddress: 0x0000000800000000, ArchiveRelocationMode: 0.
Compressed class space mapped at: 0x0000000800c00000-0x0000000840c00000, reserved size: 1073741824
Narrow klass base: 0x0000000800000000, Narrow klass shift: 0, Narrow klass range: 0x100000000

GC Precious Log:
 CPUs: 8 total, 8 available
 Memory: 6990M
 Large Page Support: Disabled
 NUMA Support: Disabled
 Compressed Oops: Enabled (32-bit)
 Heap Region Size: 1M
 Heap Min Capacity: 8M
 Heap Initial Capacity: 110M
 Heap Max Capacity: 1748M
 Pre-touch: Disabled
 Parallel Workers: 8
 Concurrent Workers: 2
 Concurrent Refinement Workers: 8
 Periodic GC: Disabled

Heap:
 garbage-first heap   total 112640K, used 39524K [0x0000000092c00000, 0x0000000100000000)
  region size 1024K, 33 young (33792K), 2 survivors (2048K)
 Metaspace       used 14888K, committed 15104K, reserved 1064960K
  class space    used 2048K, committed 2176K, reserved 1048576K

Heap Regions: E=young(eden), S=young(survivor), O=old, HS=humongous(starts), HC=humongous(continues), CS=collection set, F=free, OA=open archive, CA=closed archive, TAMS=top-at-mark-start (previous, next)
|   0|0x0000000092c00000, 0x0000000092d00000, 0x0000000092d00000|100%|HS|  |TAMS 0x0000000092c00000, 0x0000000092c00000| Complete 
|   1|0x0000000092d00000, 0x0000000092e00000, 0x0000000092e00000|100%| O|  |TAMS 0x0000000092d00000, 0x0000000092d00000| Untracked 
|   2|0x0000000092e00000, 0x0000000092f00000, 0x0000000092f00000|100%| O|  |TAMS 0x0000000092e00000, 0x0000000092e00000| Untracked 
|   3|0x0000000092f00000, 0x0000000093000000, 0x0000000093000000|100%| O|  |TAMS 0x0000000092f00000, 0x0000000092f00000| Untracked 
|   4|0x0000000093000000, 0x0000000093100000, 0x0000000093100000|100%| O|  |TAMS 0x0000000093000000, 0x0000000093000000| Untracked 
|   5|0x0000000093100000, 0x0000000093200000, 0x0000000093200000|100%| O|  |TAMS 0x0000000093100000, 0x0000000093100000| Untracked 
|   6|0x0000000093200000, 0x0000000093300000, 0x0000000093300000|100%| O|  |TAMS 0x0000000093200000, 0x0000000093200000| Untracked 
|   7|0x0000000093300000, 0x00000000933d1a00, 0x0000000093400000| 81%| O|  |TAMS 0x0000000093300000, 0x0000000093300000| Untracked 
|   8|0x0000000093400000, 0x0000000093400000, 0x0000000093500000|  0%| F|  |TAMS 0x0000000093400000, 0x0000000093400000| Untracked 
|   9|0x0000000093500000, 0x0000000093500000, 0x0000000093600000|  0%| F|  |TAMS 0x0000000093500000, 0x0000000093500000| Untracked 
|  10|0x0000000093600000, 0x0000000093600000, 0x0000000093700000|  0%| F|  |TAMS 0x0000000093600000, 0x0000000093600000| Untracked 
|  11|0x0000000093700000, 0x0000000093700000, 0x0000000093800000|  0%| F|  |TAMS 0x0000000093700000, 0x0000000093700000| Untracked 
|  12|0x0000000093800000, 0x0000000093800000, 0x0000000093900000|  0%| F|  |TAMS 0x0000000093800000, 0x0000000093800000| Untracked 
|  13|0x0000000093900000, 0x0000000093900000, 0x0000000093a00000|  0%| F|  |TAMS 0x0000000093900000, 0x0000000093900000| Untracked 
|  14|0x0000000093a00000, 0x0000000093a00000, 0x0000000093b00000|  0%| F|  |TAMS 0x0000000093a00000, 0x0000000093a00000| Untracked 
|  15|0x0000000093b00000, 0x0000000093b00000, 0x0000000093c00000|  0%| F|  |TAMS 0x0000000093b00000, 0x0000000093b00000| Untracked 
|  16|0x0000000093c00000, 0x0000000093c00000, 0x0000000093d00000|  0%| F|  |TAMS 0x0000000093c00000, 0x0000000093c00000| Untracked 
|  17|0x0000000093d00000, 0x0000000093d00000, 0x0000000093e00000|  0%| F|  |TAMS 0x0000000093d00000, 0x0000000093d00000| Untracked 
|  18|0x0000000093e00000, 0x0000000093e00000, 0x0000000093f00000|  0%| F|  |TAMS 0x0000000093e00000, 0x0000000093e00000| Untracked 
|  19|0x0000000093f00000, 0x0000000093f00000, 0x0000000094000000|  0%| F|  |TAMS 0x0000000093f00000, 0x0000000093f00000| Untracked 
|  20|0x0000000094000000, 0x0000000094000000, 0x0000000094100000|  0%| F|  |TAMS 0x0000000094000000, 0x0000000094000000| Untracked 
|  21|0x0000000094100000, 0x0000000094100000, 0x0000000094200000|  0%| F|  |TAMS 0x0000000094100000, 0x0000000094100000| Untracked 
|  22|0x0000000094200000, 0x0000000094200000, 0x0000000094300000|  0%| F|  |TAMS 0x0000000094200000, 0x0000000094200000| Untracked 
|  23|0x0000000094300000, 0x0000000094300000, 0x0000000094400000|  0%| F|  |TAMS 0x0000000094300000, 0x0000000094300000| Untracked 
|  24|0x0000000094400000, 0x0000000094400000, 0x0000000094500000|  0%| F|  |TAMS 0x0000000094400000, 0x0000000094400000| Untracked 
|  25|0x0000000094500000, 0x0000000094500000, 0x0000000094600000|  0%| F|  |TAMS 0x0000000094500000, 0x0000000094500000| Untracked 
|  26|0x0000000094600000, 0x0000000094600000, 0x0000000094700000|  0%| F|  |TAMS 0x0000000094600000, 0x0000000094600000| Untracked 
|  27|0x0000000094700000, 0x0000000094700000, 0x0000000094800000|  0%| F|  |TAMS 0x0000000094700000, 0x0000000094700000| Untracked 
|  28|0x0000000094800000, 0x0000000094800000, 0x0000000094900000|  0%| F|  |TAMS 0x0000000094800000, 0x0000000094800000| Untracked 
|  29|0x0000000094900000, 0x0000000094900000, 0x0000000094a00000|  0%| F|  |TAMS 0x0000000094900000, 0x0000000094900000| Untracked 
|  30|0x0000000094a00000, 0x0000000094a00000, 0x0000000094b00000|  0%| F|  |TAMS 0x0000000094a00000, 0x0000000094a00000| Untracked 
|  31|0x0000000094b00000, 0x0000000094b00000, 0x0000000094c00000|  0%| F|  |TAMS 0x0000000094b00000, 0x0000000094b00000| Untracked 
|  32|0x0000000094c00000, 0x0000000094c00000, 0x0000000094d00000|  0%| F|  |TAMS 0x0000000094c00000, 0x0000000094c00000| Untracked 
|  33|0x0000000094d00000, 0x0000000094d00000, 0x0000000094e00000|  0%| F|  |TAMS 0x0000000094d00000, 0x0000000094d00000| Untracked 
|  34|0x0000000094e00000, 0x0000000094e00000, 0x0000000094f00000|  0%| F|  |TAMS 0x0000000094e00000, 0x0000000094e00000| Untracked 
|  35|0x0000000094f00000, 0x0000000094f00000, 0x0000000095000000|  0%| F|  |TAMS 0x0000000094f00000, 0x0000000094f00000| Untracked 
|  36|0x0000000095000000, 0x0000000095000000, 0x0000000095100000|  0%| F|  |TAMS 0x0000000095000000, 0x0000000095000000| Untracked 
|  37|0x0000000095100000, 0x0000000095100000, 0x0000000095200000|  0%| F|  |TAMS 0x0000000095100000, 0x0000000095100000| Untracked 
|  38|0x0000000095200000, 0x0000000095200000, 0x0000000095300000|  0%| F|  |TAMS 0x0000000095200000, 0x0000000095200000| Untracked 
|  39|0x0000000095300000, 0x0000000095300000, 0x0000000095400000|  0%| F|  |TAMS 0x0000000095300000, 0x0000000095300000| Untracked 
|  40|0x0000000095400000, 0x0000000095400000, 0x0000000095500000|  0%| F|  |TAMS 0x0000000095400000, 0x0000000095400000| Untracked 
|  41|0x0000000095500000, 0x0000000095500000, 0x0000000095600000|  0%| F|  |TAMS 0x0000000095500000, 0x0000000095500000| Untracked 
|  42|0x0000000095600000, 0x0000000095600000, 0x0000000095700000|  0%| F|  |TAMS 0x0000000095600000, 0x0000000095600000| Untracked 
|  43|0x0000000095700000, 0x0000000095700000, 0x0000000095800000|  0%| F|  |TAMS 0x0000000095700000, 0x0000000095700000| Untracked 
|  44|0x0000000095800000, 0x0000000095800000, 0x0000000095900000|  0%| F|  |TAMS 0x0000000095800000, 0x0000000095800000| Untracked 
|  45|0x0000000095900000, 0x0000000095900000, 0x0000000095a00000|  0%| F|  |TAMS 0x0000000095900000, 0x0000000095900000| Untracked 
|  46|0x0000000095a00000, 0x0000000095a00000, 0x0000000095b00000|  0%| F|  |TAMS 0x0000000095a00000, 0x0000000095a00000| Untracked 
|  47|0x0000000095b00000, 0x0000000095b00000, 0x0000000095c00000|  0%| F|  |TAMS 0x0000000095b00000, 0x0000000095b00000| Untracked 
|  48|0x0000000095c00000, 0x0000000095c00000, 0x0000000095d00000|  0%| F|  |TAMS 0x0000000095c00000, 0x0000000095c00000| Untracked 
|  49|0x0000000095d00000, 0x0000000095d00000, 0x0000000095e00000|  0%| F|  |TAMS 0x0000000095d00000, 0x0000000095d00000| Untracked 
|  50|0x0000000095e00000, 0x0000000095e00000, 0x0000000095f00000|  0%| F|  |TAMS 0x0000000095e00000, 0x0000000095e00000| Untracked 
|  51|0x0000000095f00000, 0x0000000095f00000, 0x0000000096000000|  0%| F|  |TAMS 0x0000000095f00000, 0x0000000095f00000| Untracked 
|  52|0x0000000096000000, 0x0000000096000000, 0x0000000096100000|  0%| F|  |TAMS 0x0000000096000000, 0x0000000096000000| Untracked 
|  53|0x0000000096100000, 0x0000000096100000, 0x0000000096200000|  0%| F|  |TAMS 0x0000000096100000, 0x0000000096100000| Untracked 
|  54|0x0000000096200000, 0x0000000096200000, 0x0000000096300000|  0%| F|  |TAMS 0x0000000096200000, 0x0000000096200000| Untracked 
|  55|0x0000000096300000, 0x0000000096300000, 0x0000000096400000|  0%| F|  |TAMS 0x0000000096300000, 0x0000000096300000| Untracked 
|  56|0x0000000096400000, 0x0000000096400000, 0x0000000096500000|  0%| F|  |TAMS 0x0000000096400000, 0x0000000096400000| Untracked 
|  57|0x0000000096500000, 0x0000000096500000, 0x0000000096600000|  0%| F|  |TAMS 0x0000000096500000, 0x0000000096500000| Untracked 
|  58|0x0000000096600000, 0x0000000096600000, 0x0000000096700000|  0%| F|  |TAMS 0x0000000096600000, 0x0000000096600000| Untracked 
|  59|0x0000000096700000, 0x0000000096700000, 0x0000000096800000|  0%| F|  |TAMS 0x0000000096700000, 0x0000000096700000| Untracked 
|  60|0x0000000096800000, 0x0000000096800000, 0x0000000096900000|  0%| F|  |TAMS 0x0000000096800000, 0x0000000096800000| Untracked 
|  61|0x0000000096900000, 0x0000000096900000, 0x0000000096a00000|  0%| F|  |TAMS 0x0000000096900000, 0x0000000096900000| Untracked 
|  62|0x0000000096a00000, 0x0000000096a00000, 0x0000000096b00000|  0%| F|  |TAMS 0x0000000096a00000, 0x0000000096a00000| Untracked 
|  63|0x0000000096b00000, 0x0000000096b00000, 0x0000000096c00000|  0%| F|  |TAMS 0x0000000096b00000, 0x0000000096b00000| Untracked 
|  64|0x0000000096c00000, 0x0000000096c00000, 0x0000000096d00000|  0%| F|  |TAMS 0x0000000096c00000, 0x0000000096c00000| Untracked 
|  65|0x0000000096d00000, 0x0000000096d00000, 0x0000000096e00000|  0%| F|  |TAMS 0x0000000096d00000, 0x0000000096d00000| Untracked 
|  66|0x0000000096e00000, 0x0000000096e00000, 0x0000000096f00000|  0%| F|  |TAMS 0x0000000096e00000, 0x0000000096e00000| Untracked 
|  67|0x0000000096f00000, 0x0000000096f00000, 0x0000000097000000|  0%| F|  |TAMS 0x0000000096f00000, 0x0000000096f00000| Untracked 
|  68|0x0000000097000000, 0x0000000097000000, 0x0000000097100000|  0%| F|  |TAMS 0x0000000097000000, 0x0000000097000000| Untracked 
|  69|0x0000000097100000, 0x0000000097100000, 0x0000000097200000|  0%| F|  |TAMS 0x0000000097100000, 0x0000000097100000| Untracked 
|  70|0x0000000097200000, 0x0000000097200000, 0x0000000097300000|  0%| F|  |TAMS 0x0000000097200000, 0x0000000097200000| Untracked 
|  71|0x0000000097300000, 0x0000000097300000, 0x0000000097400000|  0%| F|  |TAMS 0x0000000097300000, 0x0000000097300000| Untracked 
|  72|0x0000000097400000, 0x0000000097400000, 0x0000000097500000|  0%| F|  |TAMS 0x0000000097400000, 0x0000000097400000| Untracked 
|  73|0x0000000097500000, 0x0000000097500000, 0x0000000097600000|  0%| F|  |TAMS 0x0000000097500000, 0x0000000097500000| Untracked 
|  74|0x0000000097600000, 0x0000000097600000, 0x0000000097700000|  0%| F|  |TAMS 0x0000000097600000, 0x0000000097600000| Untracked 
|  75|0x0000000097700000, 0x0000000097700000, 0x0000000097800000|  0%| F|  |TAMS 0x0000000097700000, 0x0000000097700000| Untracked 
|  76|0x0000000097800000, 0x0000000097800000, 0x0000000097900000|  0%| F|  |TAMS 0x0000000097800000, 0x0000000097800000| Untracked 
|  77|0x0000000097900000, 0x00000000979fe040, 0x0000000097a00000| 99%| E|  |TAMS 0x0000000097900000, 0x0000000097900000| Complete 
|  78|0x0000000097a00000, 0x0000000097b00000, 0x0000000097b00000|100%| E|CS|TAMS 0x0000000097a00000, 0x0000000097a00000| Complete 
|  79|0x0000000097b00000, 0x0000000097bc7880, 0x0000000097c00000| 77%| S|CS|TAMS 0x0000000097b00000, 0x0000000097b00000| Complete 
|  80|0x0000000097c00000, 0x0000000097d00000, 0x0000000097d00000|100%| S|CS|TAMS 0x0000000097c00000, 0x0000000097c00000| Complete 
|  81|0x0000000097d00000, 0x0000000097e00000, 0x0000000097e00000|100%| E|CS|TAMS 0x0000000097d00000, 0x0000000097d00000| Complete 
|  82|0x0000000097e00000, 0x0000000097f00000, 0x0000000097f00000|100%| E|CS|TAMS 0x0000000097e00000, 0x0000000097e00000| Complete 
|  83|0x0000000097f00000, 0x0000000098000000, 0x0000000098000000|100%| E|CS|TAMS 0x0000000097f00000, 0x0000000097f00000| Complete 
|  84|0x0000000098000000, 0x0000000098100000, 0x0000000098100000|100%| E|CS|TAMS 0x0000000098000000, 0x0000000098000000| Complete 
|  85|0x0000000098100000, 0x0000000098200000, 0x0000000098200000|100%| E|CS|TAMS 0x0000000098100000, 0x0000000098100000| Complete 
|  86|0x0000000098200000, 0x0000000098300000, 0x0000000098300000|100%| E|CS|TAMS 0x0000000098200000, 0x0000000098200000| Complete 
|  87|0x0000000098300000, 0x0000000098400000, 0x0000000098400000|100%| E|  |TAMS 0x0000000098300000, 0x0000000098300000| Complete 
|  88|0x0000000098400000, 0x0000000098500000, 0x0000000098500000|100%| E|CS|TAMS 0x0000000098400000, 0x0000000098400000| Complete 
|  89|0x0000000098500000, 0x0000000098600000, 0x0000000098600000|100%| E|CS|TAMS 0x0000000098500000, 0x0000000098500000| Complete 
|  90|0x0000000098600000, 0x0000000098700000, 0x0000000098700000|100%| E|CS|TAMS 0x0000000098600000, 0x0000000098600000| Complete 
|  91|0x0000000098700000, 0x0000000098800000, 0x0000000098800000|100%| E|CS|TAMS 0x0000000098700000, 0x0000000098700000| Complete 
|  92|0x0000000098800000, 0x0000000098900000, 0x0000000098900000|100%| E|CS|TAMS 0x0000000098800000, 0x0000000098800000| Complete 
|  93|0x0000000098900000, 0x0000000098a00000, 0x0000000098a00000|100%| E|CS|TAMS 0x0000000098900000, 0x0000000098900000| Complete 
|  94|0x0000000098a00000, 0x0000000098b00000, 0x0000000098b00000|100%| E|CS|TAMS 0x0000000098a00000, 0x0000000098a00000| Complete 
|  95|0x0000000098b00000, 0x0000000098c00000, 0x0000000098c00000|100%| E|CS|TAMS 0x0000000098b00000, 0x0000000098b00000| Complete 
|  96|0x0000000098c00000, 0x0000000098d00000, 0x0000000098d00000|100%| E|CS|TAMS 0x0000000098c00000, 0x0000000098c00000| Complete 
|  97|0x0000000098d00000, 0x0000000098e00000, 0x0000000098e00000|100%| E|CS|TAMS 0x0000000098d00000, 0x0000000098d00000| Complete 
|  98|0x0000000098e00000, 0x0000000098f00000, 0x0000000098f00000|100%| E|CS|TAMS 0x0000000098e00000, 0x0000000098e00000| Complete 
|  99|0x0000000098f00000, 0x0000000099000000, 0x0000000099000000|100%| E|CS|TAMS 0x0000000098f00000, 0x0000000098f00000| Complete 
| 100|0x0000000099000000, 0x0000000099100000, 0x0000000099100000|100%| E|CS|TAMS 0x0000000099000000, 0x0000000099000000| Complete 
| 101|0x0000000099100000, 0x0000000099200000, 0x0000000099200000|100%| E|CS|TAMS 0x0000000099100000, 0x0000000099100000| Complete 
| 102|0x0000000099200000, 0x0000000099300000, 0x0000000099300000|100%| E|CS|TAMS 0x0000000099200000, 0x0000000099200000| Complete 
| 103|0x0000000099300000, 0x0000000099400000, 0x0000000099400000|100%| E|CS|TAMS 0x0000000099300000, 0x0000000099300000| Complete 
| 104|0x0000000099400000, 0x0000000099500000, 0x0000000099500000|100%| E|CS|TAMS 0x0000000099400000, 0x0000000099400000| Complete 
| 105|0x0000000099500000, 0x0000000099600000, 0x0000000099600000|100%| E|CS|TAMS 0x0000000099500000, 0x0000000099500000| Complete 
| 106|0x0000000099600000, 0x0000000099700000, 0x0000000099700000|100%| E|CS|TAMS 0x0000000099600000, 0x0000000099600000| Complete 
| 107|0x0000000099700000, 0x0000000099800000, 0x0000000099800000|100%| E|CS|TAMS 0x0000000099700000, 0x0000000099700000| Complete 
| 108|0x0000000099800000, 0x0000000099900000, 0x0000000099900000|100%| E|CS|TAMS 0x0000000099800000, 0x0000000099800000| Complete 
| 109|0x0000000099900000, 0x0000000099a00000, 0x0000000099a00000|100%| E|CS|TAMS 0x0000000099900000, 0x0000000099900000| Complete 

Card table byte_map: [0x000002bfb3fd0000,0x000002bfb4340000] _byte_map_base: 0x000002bfb3b3a000

Marking Bits (Prev, Next): (CMBitMap*) 0x000002bfa932e840, (CMBitMap*) 0x000002bfa932e880
 Prev Bits: [0x000002bfb46b0000, 0x000002bfb6200000)
 Next Bits: [0x000002bfb6200000, 0x000002bfb7d50000)

Polling page: 0x000002bfa8aa0000

Metaspace:

Usage:
  Non-class:     12.54 MB used.
      Class:      2.00 MB used.
       Both:     14.54 MB used.

Virtual space:
  Non-class space:       16.00 MB reserved,      12.62 MB ( 79%) committed,  2 nodes.
      Class space:        1.00 GB reserved,       2.12 MB ( <1%) committed,  1 nodes.
             Both:        1.02 GB reserved,      14.75 MB (  1%) committed. 

Chunk freelists:
   Non-Class:  2.11 MB
       Class:  1.85 MB
        Both:  3.96 MB

MaxMetaspaceSize: unlimited
CompressedClassSpaceSize: 1.00 GB
Initial GC threshold: 21.00 MB
Current GC threshold: 21.00 MB
CDS: on
MetaspaceReclaimPolicy: balanced
 - commit_granule_bytes: 65536.
 - commit_granule_words: 8192.
 - virtual_space_node_default_size: 1048576.
 - enlarge_chunks_in_place: 1.
 - new_chunks_are_fully_committed: 0.
 - uncommit_free_chunks: 1.
 - use_allocation_guard: 0.
 - handle_deallocations: 1.


Internal statistics:

num_allocs_failed_limit: 0.
num_arena_births: 196.
num_arena_deaths: 0.
num_vsnodes_births: 3.
num_vsnodes_deaths: 0.
num_space_committed: 236.
num_space_uncommitted: 0.
num_chunks_returned_to_freelist: 0.
num_chunks_taken_from_freelist: 709.
num_chunk_merges: 0.
num_chunk_splits: 494.
num_chunks_enlarged: 399.
num_purges: 0.
num_inconsistent_stats: 0.

CodeCache: size=49152Kb used=3971Kb max_used=3971Kb free=45180Kb
 bounds [0x000002bfb0b50000, 0x000002bfb0f40000, 0x000002bfb3b50000]
 total_blobs=2367 nmethods=1892 adapters=402
 compilation: disabled (not enough contiguous free space left)
              stopped_count=1, restarted_count=0
 full_count=1

Compilation events (20 events):
Event: 3.565 Thread 0x000002bfba80fd20 1889       1       sun.util.locale.LocaleUtils::toUpperString (95 bytes)
Event: 3.566 Thread 0x000002bfba80fd20 nmethod 1889 0x000002bfb0f2a990 code [0x000002bfb0f2ab80, 0x000002bfb0f2b1a8]
Event: 3.566 Thread 0x000002bfba80fd20 1894       1       sun.util.locale.StringTokenIterator::nextDelimiter (116 bytes)
Event: 3.568 Thread 0x000002bfba80fd20 nmethod 1894 0x000002bfb0f2b610 code [0x000002bfb0f2b840, 0x000002bfb0f2be98]
Event: 3.568 Thread 0x000002bfba80fd20 1898       1       sun.util.locale.BaseLocale$Key::hashCode (178 bytes)
Event: 3.570 Thread 0x000002bfba80fd20 nmethod 1898 0x000002bfb0f2c490 code [0x000002bfb0f2c6c0, 0x000002bfb0f2cfb8]
Event: 3.570 Thread 0x000002bfba80fd20 1897       1       sun.util.locale.LocaleUtils::isAlphaString (33 bytes)
Event: 3.571 Thread 0x000002bfba80fd20 nmethod 1897 0x000002bfb0f2d890 code [0x000002bfb0f2da40, 0x000002bfb0f2dd18]
Event: 3.571 Thread 0x000002bfba80fd20 1895       1       sun.util.locale.StringTokenIterator::next (74 bytes)
Event: 3.571 Thread 0x000002bfba80fd20 nmethod 1895 0x000002bfb0f2df90 code [0x000002bfb0f2e140, 0x000002bfb0f2e338]
Event: 3.571 Thread 0x000002bfba80fd20 1896       1       sun.util.locale.StringTokenIterator::hasNext (20 bytes)
Event: 3.572 Thread 0x000002bfba80fd20 nmethod 1896 0x000002bfb0f2e490 code [0x000002bfb0f2e620, 0x000002bfb0f2e718]
Event: 3.572 Thread 0x000002bfba80fd20 1907       1       sun.util.locale.BaseLocale::getInstance (149 bytes)
Event: 3.572 Thread 0x000002bfba80fd20 nmethod 1907 0x000002bfb0f2e810 code [0x000002bfb0f2ea20, 0x000002bfb0f2ee48]
Event: 3.572 Thread 0x000002bfba80fd20 1899       1       sun.util.locale.InternalLocaleBuilder::clearExtensions (50 bytes)
Event: 3.573 Thread 0x000002bfba80fd20 nmethod 1899 0x000002bfb0f2f210 code [0x000002bfb0f2f3c0, 0x000002bfb0f2f528]
Event: 3.573 Thread 0x000002bfba80fd20 1902       1       sun.util.locale.LocaleUtils::isEmpty (19 bytes)
Event: 3.573 Thread 0x000002bfba80fd20 nmethod 1902 0x000002bfb0f2f610 code [0x000002bfb0f2f7a0, 0x000002bfb0f2f888]
Event: 3.573 Thread 0x000002bfba80fd20 1888       1       sun.util.locale.BaseLocale::<init> (76 bytes)
Event: 3.574 Thread 0x000002bfba80fd20 


GC Heap History (4 events):
Event: 1.701 GC heap before
{Heap before GC invocations=0 (full 0):
 garbage-first heap   total 112640K, used 23552K [0x0000000092c00000, 0x0000000100000000)
  region size 1024K, 23 young (23552K), 0 survivors (0K)
 Metaspace       used 4745K, committed 4928K, reserved 1056768K
  class space    used 628K, committed 704K, reserved 1048576K
}
Event: 1.713 GC heap after
{Heap after GC invocations=1 (full 0):
 garbage-first heap   total 112640K, used 7900K [0x0000000092c00000, 0x0000000100000000)
  region size 1024K, 3 young (3072K), 3 survivors (3072K)
 Metaspace       used 4745K, committed 4928K, reserved 1056768K
  class space    used 628K, committed 704K, reserved 1048576K
}
Event: 2.752 GC heap before
{Heap before GC invocations=1 (full 0):
 garbage-first heap   total 112640K, used 34524K [0x0000000092c00000, 0x0000000100000000)
  region size 1024K, 29 young (29696K), 3 survivors (3072K)
 Metaspace       used 9465K, committed 9728K, reserved 1064960K
  class space    used 1364K, committed 1472K, reserved 1048576K
}
Event: 2.760 GC heap after
{Heap after GC invocations=2 (full 0):
 garbage-first heap   total 112640K, used 9828K [0x0000000092c00000, 0x0000000100000000)
  region size 1024K, 2 young (2048K), 2 survivors (2048K)
 Metaspace       used 9465K, committed 9728K, reserved 1064960K
  class space    used 1364K, committed 1472K, reserved 1048576K
}

Deoptimization events (2 events):
Event: 2.673 Thread 0x000002bfa92dc0a0 DEOPT PACKING pc=0x000002bfb0e8f199 sp=0x000000f819afd3f0
Event: 2.673 Thread 0x000002bfa92dc0a0 DEOPT UNPACKING pc=0x000002bfb0ba2b43 sp=0x000000f819afc8d0 mode 3

Classes unloaded (0 events):
No events

Classes redefined (0 events):
No events

Internal exceptions (20 events):
Event: 1.991 Thread 0x000002bfa92dc0a0 Exception <a 'java/lang/NoSuchMethodError'{0x00000000994be578}: 'java.lang.Object java.lang.invoke.DirectMethodHandle$Holder.newInvokeSpecial(java.lang.Object, java.lang.Object, java.lang.Object, int, java.lang.Object)'> (0x00000000994be578) 
thrown [s\open\src\hotspot\share\interpreter\linkResolver.cpp, line 759]
Event: 1.992 Thread 0x000002bfa92dc0a0 Exception <a 'java/lang/NoSuchMethodError'{0x00000000994c5f48}: 'java.lang.Object java.lang.invoke.Invokers$Holder.linkToTargetMethod(java.lang.Object, java.lang.Object, int, java.lang.Object, java.lang.Object)'> (0x00000000994c5f48) 
thrown [s\open\src\hotspot\share\interpreter\linkResolver.cpp, line 759]
Event: 1.997 Thread 0x000002bfa92dc0a0 Exception <a 'java/lang/NoSuchMethodError'{0x00000000994dbfd0}: 'java.lang.Object java.lang.invoke.DirectMethodHandle$Holder.newInvokeSpecial(java.lang.Object, int, java.lang.Object)'> (0x00000000994dbfd0) 
thrown [s\open\src\hotspot\share\interpreter\linkResolver.cpp, line 759]
Event: 2.000 Thread 0x000002bfa92dc0a0 Exception <a 'java/lang/NoSuchMethodError'{0x00000000994e0cb0}: 'int java.lang.invoke.DirectMethodHandle$Holder.invokeSpecialIFC(java.lang.Object, java.lang.Object, java.lang.Object, java.lang.Object)'> (0x00000000994e0cb0) 
thrown [s\open\src\hotspot\share\interpreter\linkResolver.cpp, line 759]
Event: 2.043 Thread 0x000002bfa92dc0a0 Exception <a 'java/lang/NoSuchMethodError'{0x00000000993bfdf8}: 'void java.lang.invoke.DirectMethodHandle$Holder.invokeInterface(java.lang.Object, java.lang.Object, java.lang.Object)'> (0x00000000993bfdf8) 
thrown [s\open\src\hotspot\share\interpreter\linkResolver.cpp, line 759]
Event: 2.086 Thread 0x000002bfa92dc0a0 Exception <a 'java/lang/NoSuchMethodError'{0x00000000992682c8}: 'void java.lang.invoke.DirectMethodHandle$Holder.invokeStaticInit(java.lang.Object, java.lang.Object, java.lang.Object)'> (0x00000000992682c8) 
thrown [s\open\src\hotspot\share\interpreter\linkResolver.cpp, line 759]
Event: 2.102 Thread 0x000002bfa92dc0a0 Exception <a 'java/lang/NoSuchMethodError'{0x00000000992b2850}: 'java.lang.Object java.lang.invoke.DirectMethodHandle$Holder.invokeStatic(java.lang.Object, java.lang.Object, long, java.lang.Object)'> (0x00000000992b2850) 
thrown [s\open\src\hotspot\share\interpreter\linkResolver.cpp, line 759]
Event: 2.103 Thread 0x000002bfa92dc0a0 Exception <a 'java/lang/NoSuchMethodError'{0x00000000992b62e8}: 'java.lang.Object java.lang.invoke.DirectMethodHandle$Holder.invokeStaticInit(java.lang.Object, java.lang.Object, long, java.lang.Object)'> (0x00000000992b62e8) 
thrown [s\open\src\hotspot\share\interpreter\linkResolver.cpp, line 759]
Event: 2.104 Thread 0x000002bfa92dc0a0 Exception <a 'java/lang/NoSuchMethodError'{0x00000000992bca68}: 'java.lang.Object java.lang.invoke.DirectMethodHandle$Holder.newInvokeSpecial(java.lang.Object, java.lang.Object, long)'> (0x00000000992bca68) 
thrown [s\open\src\hotspot\share\interpreter\linkResolver.cpp, line 759]
Event: 2.104 Thread 0x000002bfa92dc0a0 Exception <a 'java/lang/NoSuchMethodError'{0x00000000992c05d8}: 'java.lang.Object java.lang.invoke.Invokers$Holder.linkToTargetMethod(java.lang.Object, long, java.lang.Object)'> (0x00000000992c05d8) 
thrown [s\open\src\hotspot\share\interpreter\linkResolver.cpp, line 759]
Event: 2.129 Thread 0x000002bfa92dc0a0 Exception <a 'java/lang/NoSuchMethodError'{0x0000000099127780}: 'void java.lang.invoke.DirectMethodHandle$Holder.invokeSpecial(java.lang.Object, java.lang.Object, java.lang.Object, java.lang.Object, java.lang.Object)'> (0x0000000099127780) 
thrown [s\open\src\hotspot\share\interpreter\linkResolver.cpp, line 759]
Event: 2.131 Thread 0x000002bfa92dc0a0 Exception <a 'java/lang/NoSuchMethodError'{0x000000009912fd10}: 'void java.lang.invoke.DirectMethodHandle$Holder.invokeVirtual(java.lang.Object, java.lang.Object, java.lang.Object, java.lang.Object)'> (0x000000009912fd10) 
thrown [s\open\src\hotspot\share\interpreter\linkResolver.cpp, line 759]
Event: 2.250 Thread 0x000002bfa92dc0a0 Exception <a 'java/lang/NoSuchMethodError'{0x0000000098f54fb0}: 'void java.lang.invoke.DirectMethodHandle$Holder.invokeSpecial(java.lang.Object, java.lang.Object, java.lang.Object)'> (0x0000000098f54fb0) 
thrown [s\open\src\hotspot\share\interpreter\linkResolver.cpp, line 759]
Event: 2.267 Thread 0x000002bfa92dc0a0 Exception <a 'java/lang/IncompatibleClassChangeError'{0x0000000098fc8880}: Found class java.lang.Object, but interface was expected> (0x0000000098fc8880) 
thrown [s\open\src\hotspot\share\interpreter\linkResolver.cpp, line 826]
Event: 2.575 Thread 0x000002bfa92dc0a0 Exception <a 'java/lang/NoSuchMethodError'{0x00000000986787f0}: 'java.lang.Object java.lang.invoke.DirectMethodHandle$Holder.invokeStatic(java.lang.Object, int, java.lang.Object)'> (0x00000000986787f0) 
thrown [s\open\src\hotspot\share\interpreter\linkResolver.cpp, line 759]
Event: 3.044 Thread 0x000002bfa92dc0a0 Exception <a 'java/lang/NoSuchMethodError'{0x00000000991e1c88}: 'java.lang.Object java.lang.invoke.DirectMethodHandle$Holder.invokeVirtual(java.lang.Object, java.lang.Object, java.lang.Object)'> (0x00000000991e1c88) 
thrown [s\open\src\hotspot\share\interpreter\linkResolver.cpp, line 759]
Event: 3.059 Thread 0x000002bfa92dc0a0 Exception <a 'sun/nio/fs/WindowsException'{0x00000000991fd500}> (0x00000000991fd500) 
thrown [s\open\src\hotspot\share\prims\jni.cpp, line 516]
Event: 3.062 Thread 0x000002bfa92dc0a0 Exception <a 'java/lang/NoSuchMethodError'{0x000000009907e9d0}: 'int java.lang.invoke.DirectMethodHandle$Holder.invokeSpecial(java.lang.Object, java.lang.Object, java.lang.Object, java.lang.Object, java.lang.Object)'> (0x000000009907e9d0) 
thrown [s\open\src\hotspot\share\interpreter\linkResolver.cpp, line 759]
Event: 3.071 Thread 0x000002bfa92dc0a0 Exception <a 'java/lang/NoSuchMethodError'{0x0000000099087760}: 'void java.lang.invoke.DirectMethodHandle$Holder.invokeVirtual(java.lang.Object, java.lang.Object)'> (0x0000000099087760) 
thrown [s\open\src\hotspot\share\interpreter\linkResolver.cpp, line 759]
Event: 3.491 Thread 0x000002bfa92dc0a0 Exception <a 'java/lang/IncompatibleClassChangeError'{0x00000000980e6cf0}: Found class java.lang.Object, but interface was expected> (0x00000000980e6cf0) 
thrown [s\open\src\hotspot\share\interpreter\linkResolver.cpp, line 826]

VM Operations (20 events):
Event: 1.105 Executing VM operation: Cleanup
Event: 1.105 Executing VM operation: Cleanup done
Event: 1.567 Executing VM operation: HandshakeAllThreads
Event: 1.567 Executing VM operation: HandshakeAllThreads done
Event: 1.700 Executing VM operation: G1CollectForAllocation
Event: 1.713 Executing VM operation: G1CollectForAllocation done
Event: 1.982 Executing VM operation: HandshakeAllThreads
Event: 1.982 Executing VM operation: HandshakeAllThreads done
Event: 2.242 Executing VM operation: HandshakeAllThreads
Event: 2.242 Executing VM operation: HandshakeAllThreads done
Event: 2.733 Executing VM operation: ICBufferFull
Event: 2.733 Executing VM operation: ICBufferFull done
Event: 2.751 Executing VM operation: G1CollectForAllocation
Event: 2.761 Executing VM operation: G1CollectForAllocation done
Event: 2.863 Executing VM operation: HandshakeAllThreads
Event: 2.863 Executing VM operation: HandshakeAllThreads done
Event: 3.001 Executing VM operation: HandshakeAllThreads
Event: 3.001 Executing VM operation: HandshakeAllThreads done
Event: 3.277 Executing VM operation: HandshakeAllThreads
Event: 3.277 Executing VM operation: HandshakeAllThreads done

Events (20 events):
Event: 3.492 loading class java/beans/Transient
Event: 3.492 loading class java/beans/Transient done
Event: 3.492 loading class java/beans/ConstructorProperties
Event: 3.492 loading class java/beans/ConstructorProperties done
Event: 3.498 loading class java/io/InvalidObjectException
Event: 3.499 loading class java/io/InvalidObjectException done
Event: 3.506 loading class java/util/concurrent/ConcurrentLinkedQueue
Event: 3.506 loading class java/util/concurrent/ConcurrentLinkedQueue done
Event: 3.506 loading class java/util/concurrent/ConcurrentLinkedQueue$Node
Event: 3.507 loading class java/util/concurrent/ConcurrentLinkedQueue$Node done
Event: 3.510 loading class java/util/concurrent/atomic/AtomicLongArray
Event: 3.511 loading class java/util/concurrent/atomic/AtomicLongArray done
Event: 3.513 loading class java/lang/invoke/VarHandleLongs$Array
Event: 3.515 loading class java/lang/invoke/VarHandleLongs$Array done
Event: 3.515 loading class java/util/concurrent/atomic/AtomicReferenceArray
Event: 3.516 loading class java/util/concurrent/atomic/AtomicReferenceArray done
Event: 3.632 loading class sun/text/resources/cldr/FormatData_en
Event: 3.632 loading class sun/text/resources/cldr/FormatData_en done
Event: 3.633 loading class sun/text/resources/cldr/FormatData_en_US
Event: 3.633 loading class sun/text/resources/cldr/FormatData_en_US done


Dynamic libraries:
0x00007ff7866a0000 - 0x00007ff7866b0000 	C:\Program Files\Java\jdk-17\bin\java.exe
0x00007fffe87e0000 - 0x00007fffe89e9000 	C:\Windows\SYSTEM32\ntdll.dll
0x00007fffe7ac0000 - 0x00007fffe7b7d000 	C:\Windows\System32\KERNEL32.DLL
0x00007fffe5e30000 - 0x00007fffe61b4000 	C:\Windows\System32\KERNELBASE.dll
0x00007fffe5c70000 - 0x00007fffe5d81000 	C:\Windows\System32\ucrtbase.dll
0x00007fffc3fc0000 - 0x00007fffc3fd8000 	C:\Program Files\Java\jdk-17\bin\jli.dll
0x00007fffc5f10000 - 0x00007fffc5f2b000 	C:\Program Files\Java\jdk-17\bin\VCRUNTIME140.dll
0x00007fffe84e0000 - 0x00007fffe858e000 	C:\Windows\System32\ADVAPI32.dll
0x00007fffe6dd0000 - 0x00007fffe6e73000 	C:\Windows\System32\msvcrt.dll
0x00007fffe79b0000 - 0x00007fffe7a4e000 	C:\Windows\System32\sechost.dll
0x00007fffe8590000 - 0x00007fffe86b1000 	C:\Windows\System32\RPCRT4.dll
0x00007fffe69e0000 - 0x00007fffe6b8d000 	C:\Windows\System32\USER32.dll
0x00007fffe64c0000 - 0x00007fffe64e6000 	C:\Windows\System32\win32u.dll
0x00007fffe7b80000 - 0x00007fffe7baa000 	C:\Windows\System32\GDI32.dll
0x00007fffe61c0000 - 0x00007fffe62de000 	C:\Windows\System32\gdi32full.dll
0x00007fffe5d90000 - 0x00007fffe5e2d000 	C:\Windows\System32\msvcp_win.dll
0x00007fffd7b20000 - 0x00007fffd7dc5000 	C:\Windows\WinSxS\amd64_microsoft.windows.common-controls_6595b64144ccf1df_6.0.22000.120_none_9d947278b86cc467\COMCTL32.dll
0x00007fffde490000 - 0x00007fffde49a000 	C:\Windows\SYSTEM32\VERSION.dll
0x00007fffe69a0000 - 0x00007fffe69d1000 	C:\Windows\System32\IMM32.DLL
0x00007fffce620000 - 0x00007fffce62c000 	C:\Program Files\Java\jdk-17\bin\vcruntime140_1.dll
0x00007fffbcdb0000 - 0x00007fffbce3e000 	C:\Program Files\Java\jdk-17\bin\msvcp140.dll
0x00007fff64de0000 - 0x00007fff659b7000 	C:\Program Files\Java\jdk-17\bin\server\jvm.dll
0x00007fffe6d50000 - 0x00007fffe6d58000 	C:\Windows\System32\PSAPI.DLL
0x00007fffdf900000 - 0x00007fffdf933000 	C:\Windows\SYSTEM32\WINMM.dll
0x00007fffc4bb0000 - 0x00007fffc4bb9000 	C:\Windows\SYSTEM32\WSOCK32.dll
0x00007fffe6830000 - 0x00007fffe689f000 	C:\Windows\System32\WS2_32.dll
0x00007fffe4cb0000 - 0x00007fffe4cc8000 	C:\Windows\SYSTEM32\kernel.appcore.dll
0x00007fffc1ab0000 - 0x00007fffc1aba000 	C:\Program Files\Java\jdk-17\bin\jimage.dll
0x00007fffe37e0000 - 0x00007fffe3a01000 	C:\Windows\SYSTEM32\DBGHELP.DLL
0x00007fffc8c60000 - 0x00007fffc8c91000 	C:\Windows\SYSTEM32\dbgcore.DLL
0x00007fffe65b0000 - 0x00007fffe662f000 	C:\Windows\System32\bcryptPrimitives.dll
0x00007fffbd5b0000 - 0x00007fffbd5d5000 	C:\Program Files\Java\jdk-17\bin\java.dll
0x00007fffa65c0000 - 0x00007fffa6697000 	C:\Program Files\Java\jdk-17\bin\jsvml.dll
0x00007fffe7bb0000 - 0x00007fffe8375000 	C:\Windows\System32\SHELL32.dll
0x00007fffe3d00000 - 0x00007fffe4562000 	C:\Windows\SYSTEM32\windows.storage.dll
0x00007fffe6e80000 - 0x00007fffe71f6000 	C:\Windows\System32\combase.dll
0x00007fffe3b90000 - 0x00007fffe3cf7000 	C:\Windows\SYSTEM32\wintypes.dll
0x00007fffe68a0000 - 0x00007fffe698a000 	C:\Windows\System32\SHCORE.dll
0x00007fffe8740000 - 0x00007fffe879d000 	C:\Windows\System32\shlwapi.dll
0x00007fffe5ba0000 - 0x00007fffe5bc5000 	C:\Windows\SYSTEM32\profapi.dll
0x00007fffc1a90000 - 0x00007fffc1aa9000 	C:\Program Files\Java\jdk-17\bin\net.dll
0x00007fffdfb40000 - 0x00007fffdfc54000 	C:\Windows\SYSTEM32\WINHTTP.dll
0x00007fffe5190000 - 0x00007fffe51f7000 	C:\Windows\system32\mswsock.dll
0x00007fffc1360000 - 0x00007fffc1376000 	C:\Program Files\Java\jdk-17\bin\nio.dll
0x00007fffbdb60000 - 0x00007fffbdb78000 	C:\Program Files\Java\jdk-17\bin\zip.dll

dbghelp: loaded successfully - version: 4.0.5 - missing functions: none
symbol engine: initialized successfully - sym options: 0x614 - pdb path: .;C:\Program Files\Java\jdk-17\bin;C:\Windows\SYSTEM32;C:\Windows\WinSxS\amd64_microsoft.windows.common-controls_6595b64144ccf1df_6.0.22000.120_none_9d947278b86cc467;C:\Program Files\Java\jdk-17\bin\server

VM Arguments:
jvm_args: -XX:TieredStopAtLevel=1 -Dfile.encoding=windows-1252 -Duser.country=FR -Duser.language=fr -Duser.variant 
java_command: com.gamedb.gamedb.GamedbApplication
java_class_path (initial): C:\Users\yoann\Documents\spring\game\gamedb\build\classes\java\main;C:\Users\yoann\Documents\spring\game\gamedb\build\resources\main;C:\Users\yoann\.gradle\caches\modules-2\files-2.1\org.springframework\spring-webmvc\6.1.2\906ee995372076e22ef9666d8628845c75bf5c42\spring-webmvc-6.1.2.jar;C:\Users\yoann\.gradle\caches\modules-2\files-2.1\org.springframework\spring-web\6.1.2\f26b98778376cc39afb04fbb6fdd7543bef89f2\spring-web-6.1.2.jar;C:\Users\yoann\.gradle\caches\modules-2\files-2.1\javax.xml.bind\jaxb-api\2.3.1\8531ad5ac454cc2deb9d4d32c40c4d7451939b5d\jaxb-api-2.3.1.jar;C:\Users\yoann\.gradle\caches\modules-2\files-2.1\com.h2database\h2\2.2.224\7bdade27d8cd197d9b5ce9dc251f41d2edc5f7ad\h2-2.2.224.jar;C:\Users\yoann\.gradle\caches\modules-2\files-2.1\com.squareup.okhttp3\okhttp\4.12.0\2f4525d4a200e97e1b87449c2cd9bd2e25b7e8cd\okhttp-4.12.0.jar;C:\Users\yoann\.gradle\caches\modules-2\files-2.1\org.glassfish.jersey.containers\jersey-container-servlet\3.1.5\975d3721667afd7cad552f76820f5b9eab13970c\jersey-container-servlet-3.1.5.jar;C:\Users\yoann\.gradle\caches\modules-2\files-2.1\org.glassfish.jersey.ext\jersey-spring6\3.1.5\ede45ea9725a0519bb043ac5988a0113c4eca47e\jersey-spring6-3.1.5.jar;C:\Users\yoann\.gradle\caches\modules-2\files-2.1\org.glassfish.jersey.containers\jersey-container-servlet-core\3.1.5\ff8fdbb987a65da00e9856b22c7e850e5179e259\jersey-container-servlet-core-3.1.5.jar;C:\Users\yoann\.gradle\caches\modules-2\files-2.1\org.glassfish.jersey.ext\jersey-bean-validation\3.1.5\805f45890387651c97c1e1f8b69f74ece11e1d20\jersey-bean-validation-3.1.5.jar;C:\Users\yoann\.gradle\caches\modules-2\files-2.1\org.glassfish.jersey.core\jersey-server\3.1.5\30dd9ec9bdb832f7223e293e1f367c695506cad1\jersey-server-3.1.5.jar;C:\Users\yoann\.gradle\caches\modules-2\files-2.1\org.glassfish.jersey.media\jersey-media-json-jackson\3.1.5\d6c428cac70dbc54a235d4b285fe21651e5f02a0\jersey-media-json-jackson-3.1.5.jar;C:\Users\yoann\.gradle\caches\modules-2\file
Launcher Type: SUN_STANDARD

[Global flags]
     intx CICompilerCount                          = 4                                         {product} {ergonomic}
     uint ConcGCThreads                            = 2                                         {product} {ergonomic}
     uint G1ConcRefinementThreads                  = 8                                         {product} {ergonomic}
   size_t G1HeapRegionSize                         = 1048576                                   {product} {ergonomic}
    uintx GCDrainStackTargetSize                   = 64                                        {product} {ergonomic}
   size_t InitialHeapSize                          = 115343360                                 {product} {ergonomic}
   size_t MarkStackSize                            = 4194304                                   {product} {ergonomic}
   size_t MaxHeapSize                              = 1832910848                                {product} {ergonomic}
   size_t MaxNewSize                               = 1098907648                                {product} {ergonomic}
   size_t MinHeapDeltaBytes                        = 1048576                                   {product} {ergonomic}
   size_t MinHeapSize                              = 8388608                                   {product} {ergonomic}
    uintx NonProfiledCodeHeapSize                  = 0                                      {pd product} {ergonomic}
     bool ProfileInterpreter                       = false                                  {pd product} {command line}
    uintx ProfiledCodeHeapSize                     = 0                                      {pd product} {ergonomic}
   size_t SoftMaxHeapSize                          = 1832910848                             {manageable} {ergonomic}
     intx TieredStopAtLevel                        = 1                                         {product} {command line}
     bool UseCompressedClassPointers               = true                           {product lp64_product} {ergonomic}
     bool UseCompressedOops                        = true                           {product lp64_product} {ergonomic}
     bool UseG1GC                                  = true                                      {product} {ergonomic}
     bool UseLargePagesIndividualAllocation        = false                                  {pd product} {ergonomic}

Logging:
Log output configuration:
 #0: stdout all=warning uptime,level,tags
 #1: stderr all=off uptime,level,tags

Environment Variables:
CLASSPATH=C:\Users\yoann\Documents\spring\game\gamedb\\gradle\wrapper\gradle-wrapper.jar
PATH=C:\Program Files\Common Files\Oracle\Java\javapath;C:\Windows\system32;C:\Windows;C:\Windows\System32\Wbem;C:\Windows\System32\WindowsPowerShell\v1.0\;C:\Windows\System32\OpenSSH\;C:\Program Files\Git\cmd;C:\Program Files\nodejs\;C:\Program Files\Docker\Docker\resources\bin;C:\Users\yoann\AppData\Local\Microsoft\WindowsApps;C:\Users\yoann\AppData\Local\Programs\Microsoft VS Code\bin;C:\ProgramData\yoann\GitHubDesktop\bin;C:\MinGW\bin;C:\Users\yoann\AppData\Roaming\npm;C:\Program Files\nodejs;C:\Gradle\gradle-8.0.2\bin;
USERNAME=yoann
OS=Windows_NT
PROCESSOR_IDENTIFIER=AMD64 Family 25 Model 80 Stepping 0, AuthenticAMD



---------------  S Y S T E M  ---------------

OS:
 Windows 11 , 64 bit Build 22000 (10.0.22000.2538)
OS uptime: 3 days 7:01 hours
Hyper-V role detected

CPU: total 8 (initial active 8) (8 cores per cpu, 2 threads per core) family 25 model 80 stepping 0 microcode 0x0, cx8, cmov, fxsr, ht, mmx, 3dnowpref, sse, sse2, sse3, ssse3, sse4a, sse4.1, sse4.2, popcnt, lzcnt, tsc, tscinvbit, avx, avx2, aes, erms, clmul, bmi1, bmi2, adx, sha, fma, vzeroupper, clflush, clflushopt, hv

Memory: 4k page, system-wide physical 6990M (66M free)
TotalPageFile size 28494M (AvailPageFile size 0M)
current process WorkingSet (physical memory assigned to process): 101M, peak: 101M
current process commit charge ("private bytes"): 216M, peak: 216M

vm_info: Java HotSpot(TM) 64-Bit Server VM (17.0.6+9-LTS-190) for windows-amd64 JRE (17.0.6+9-LTS-190), built on Dec  6 2022 15:53:54 by "mach5one" with MS VC++ 17.1 (VS2022)

END.
